2025-06-22 16:20:30,052 INFO  org.apache.flink.runtime.entrypoint.ClusterEntrypoint        [] - --------------------------------------------------------------------------------
2025-06-22 16:20:30,055 INFO  org.apache.flink.runtime.entrypoint.ClusterEntrypoint        [] -  Preconfiguration: 
2025-06-22 16:20:30,055 INFO  org.apache.flink.runtime.entrypoint.ClusterEntrypoint        [] - 


RESOURCE_PARAMS extraction logs:
jvm_params: -Xmx1073741824 -Xms1073741824 -XX:MaxMetaspaceSize=268435456
dynamic_configs: -D jobmanager.memory.off-heap.size=134217728b -D jobmanager.memory.jvm-overhead.min=201326592b -D jobmanager.memory.jvm-metaspace.size=268435456b -D jobmanager.memory.heap.size=1073741824b -D jobmanager.memory.jvm-overhead.max=201326592b
logs: WARNING: sun.reflect.Reflection.getCallerClass is not supported. This will impact performance.
INFO  [] - Loading configuration property: blob.server.port, 6124
INFO  [] - Loading configuration property: taskmanager.memory.process.size, 1728m
INFO  [] - Loading configuration property: taskmanager.bind-host, 0.0.0.0
INFO  [] - Loading configuration property: jobmanager.execution.failover-strategy, region
INFO  [] - Loading configuration property: jobmanager.rpc.address, jobmanager
INFO  [] - Loading configuration property: jobmanager.memory.process.size, 1600m
INFO  [] - Loading configuration property: jobmanager.rpc.port, 6123
INFO  [] - Loading configuration property: query.server.port, 6125
INFO  [] - Loading configuration property: rest.bind-address, 0.0.0.0
INFO  [] - Loading configuration property: jobmanager.bind-host, 0.0.0.0
INFO  [] - Loading configuration property: parallelism.default, 1
INFO  [] - Loading configuration property: taskmanager.numberOfTaskSlots, 1
INFO  [] - Loading configuration property: rest.address, 0.0.0.0
INFO  [] - The derived from fraction jvm overhead memory (160.000mb (167772162 bytes)) is less than its min value 192.000mb (201326592 bytes), min value will be used instead
INFO  [] - Final Master Memory configuration:
INFO  [] -   Total Process Memory: 1.563gb (1677721600 bytes)
INFO  [] -     Total Flink Memory: 1.125gb (1207959552 bytes)
INFO  [] -       JVM Heap:         1024.000mb (1073741824 bytes)
INFO  [] -       Off-heap:         128.000mb (134217728 bytes)
INFO  [] -     JVM Metaspace:      256.000mb (268435456 bytes)
INFO  [] -     JVM Overhead:       192.000mb (201326592 bytes)

2025-06-22 16:20:30,055 INFO  org.apache.flink.runtime.entrypoint.ClusterEntrypoint        [] - --------------------------------------------------------------------------------
2025-06-22 16:20:30,055 INFO  org.apache.flink.runtime.entrypoint.ClusterEntrypoint        [] -  Starting StandaloneSessionClusterEntrypoint (Version: 1.17.1, Scala: 2.12, Rev:2750d5c, Date:2023-05-19T10:45:46+02:00)
2025-06-22 16:20:30,055 INFO  org.apache.flink.runtime.entrypoint.ClusterEntrypoint        [] -  OS current user: flink
2025-06-22 16:20:30,056 INFO  org.apache.flink.runtime.entrypoint.ClusterEntrypoint        [] -  Current Hadoop/Kerberos user: <no hadoop dependency found>
2025-06-22 16:20:30,056 INFO  org.apache.flink.runtime.entrypoint.ClusterEntrypoint        [] -  JVM: OpenJDK 64-Bit Server VM - Eclipse Adoptium - 11/11.0.21+9
2025-06-22 16:20:30,056 INFO  org.apache.flink.runtime.entrypoint.ClusterEntrypoint        [] -  Arch: aarch64
2025-06-22 16:20:30,056 INFO  org.apache.flink.runtime.entrypoint.ClusterEntrypoint        [] -  Maximum heap size: 1024 MiBytes
2025-06-22 16:20:30,056 INFO  org.apache.flink.runtime.entrypoint.ClusterEntrypoint        [] -  JAVA_HOME: /opt/java/openjdk
2025-06-22 16:20:30,057 INFO  org.apache.flink.runtime.entrypoint.ClusterEntrypoint        [] -  No Hadoop Dependency available
2025-06-22 16:20:30,057 INFO  org.apache.flink.runtime.entrypoint.ClusterEntrypoint        [] -  JVM Options:
2025-06-22 16:20:30,057 INFO  org.apache.flink.runtime.entrypoint.ClusterEntrypoint        [] -     -Xmx1073741824
2025-06-22 16:20:30,057 INFO  org.apache.flink.runtime.entrypoint.ClusterEntrypoint        [] -     -Xms1073741824
2025-06-22 16:20:30,057 INFO  org.apache.flink.runtime.entrypoint.ClusterEntrypoint        [] -     -XX:MaxMetaspaceSize=268435456
2025-06-22 16:20:30,058 INFO  org.apache.flink.runtime.entrypoint.ClusterEntrypoint        [] -     -Dlog.file=/opt/flink/log/flink--standalonesession-0-2376e25bedce.log
2025-06-22 16:20:30,058 INFO  org.apache.flink.runtime.entrypoint.ClusterEntrypoint        [] -     -Dlog4j.configuration=file:/opt/flink/conf/log4j-console.properties
2025-06-22 16:20:30,058 INFO  org.apache.flink.runtime.entrypoint.ClusterEntrypoint        [] -     -Dlog4j.configurationFile=file:/opt/flink/conf/log4j-console.properties
2025-06-22 16:20:30,058 INFO  org.apache.flink.runtime.entrypoint.ClusterEntrypoint        [] -     -Dlogback.configurationFile=file:/opt/flink/conf/logback-console.xml
2025-06-22 16:20:30,058 INFO  org.apache.flink.runtime.entrypoint.ClusterEntrypoint        [] -  Program Arguments:
2025-06-22 16:20:30,059 INFO  org.apache.flink.runtime.entrypoint.ClusterEntrypoint        [] -     -D
2025-06-22 16:20:30,059 INFO  org.apache.flink.runtime.entrypoint.ClusterEntrypoint        [] -     jobmanager.memory.off-heap.size=134217728b
2025-06-22 16:20:30,059 INFO  org.apache.flink.runtime.entrypoint.ClusterEntrypoint        [] -     -D
2025-06-22 16:20:30,060 INFO  org.apache.flink.runtime.entrypoint.ClusterEntrypoint        [] -     jobmanager.memory.jvm-overhead.min=201326592b
2025-06-22 16:20:30,060 INFO  org.apache.flink.runtime.entrypoint.ClusterEntrypoint        [] -     -D
2025-06-22 16:20:30,060 INFO  org.apache.flink.runtime.entrypoint.ClusterEntrypoint        [] -     jobmanager.memory.jvm-metaspace.size=268435456b
2025-06-22 16:20:30,060 INFO  org.apache.flink.runtime.entrypoint.ClusterEntrypoint        [] -     -D
2025-06-22 16:20:30,060 INFO  org.apache.flink.runtime.entrypoint.ClusterEntrypoint        [] -     jobmanager.memory.heap.size=1073741824b
2025-06-22 16:20:30,060 INFO  org.apache.flink.runtime.entrypoint.ClusterEntrypoint        [] -     -D
2025-06-22 16:20:30,060 INFO  org.apache.flink.runtime.entrypoint.ClusterEntrypoint        [] -     jobmanager.memory.jvm-overhead.max=201326592b
2025-06-22 16:20:30,060 INFO  org.apache.flink.runtime.entrypoint.ClusterEntrypoint        [] -     --configDir
2025-06-22 16:20:30,061 INFO  org.apache.flink.runtime.entrypoint.ClusterEntrypoint        [] -     /opt/flink/conf
2025-06-22 16:20:30,061 INFO  org.apache.flink.runtime.entrypoint.ClusterEntrypoint        [] -     --executionMode
2025-06-22 16:20:30,061 INFO  org.apache.flink.runtime.entrypoint.ClusterEntrypoint        [] -     cluster
2025-06-22 16:20:30,061 INFO  org.apache.flink.runtime.entrypoint.ClusterEntrypoint        [] -  Classpath: /opt/flink/lib/flink-cep-1.17.1.jar:/opt/flink/lib/flink-connector-files-1.17.1.jar:/opt/flink/lib/flink-connector-kafka-1.17.1.jar:/opt/flink/lib/flink-csv-1.17.1.jar:/opt/flink/lib/flinkjob-0.0.1-SNAPSHOT.jar:/opt/flink/lib/flink-json-1.17.1.jar:/opt/flink/lib/flink-scala_2.12-1.17.1.jar:/opt/flink/lib/flink-table-api-java-uber-1.17.1.jar:/opt/flink/lib/flink-table-planner-loader-1.17.1.jar:/opt/flink/lib/flink-table-runtime-1.17.1.jar:/opt/flink/lib/jackson-annotations-2.13.5.jar:/opt/flink/lib/jackson-core-2.13.5.jar:/opt/flink/lib/jackson-databind-2.13.5.jar:/opt/flink/lib/kafka-clients-3.1.0.jar:/opt/flink/lib/log4j-1.2-api-2.17.1.jar:/opt/flink/lib/log4j-api-2.17.1.jar:/opt/flink/lib/log4j-core-2.17.1.jar:/opt/flink/lib/log4j-slf4j-impl-2.17.1.jar:/opt/flink/lib/flink-dist-1.17.1.jar::::
2025-06-22 16:20:30,061 INFO  org.apache.flink.runtime.entrypoint.ClusterEntrypoint        [] - --------------------------------------------------------------------------------
2025-06-22 16:20:30,063 INFO  org.apache.flink.runtime.entrypoint.ClusterEntrypoint        [] - Registered UNIX signal handlers for [TERM, HUP, INT]
2025-06-22 16:20:30,082 INFO  org.apache.flink.configuration.GlobalConfiguration           [] - Loading configuration property: blob.server.port, 6124
2025-06-22 16:20:30,082 INFO  org.apache.flink.configuration.GlobalConfiguration           [] - Loading configuration property: taskmanager.memory.process.size, 1728m
2025-06-22 16:20:30,082 INFO  org.apache.flink.configuration.GlobalConfiguration           [] - Loading configuration property: taskmanager.bind-host, 0.0.0.0
2025-06-22 16:20:30,083 INFO  org.apache.flink.configuration.GlobalConfiguration           [] - Loading configuration property: jobmanager.execution.failover-strategy, region
2025-06-22 16:20:30,083 INFO  org.apache.flink.configuration.GlobalConfiguration           [] - Loading configuration property: jobmanager.rpc.address, jobmanager
2025-06-22 16:20:30,083 INFO  org.apache.flink.configuration.GlobalConfiguration           [] - Loading configuration property: jobmanager.memory.process.size, 1600m
2025-06-22 16:20:30,084 INFO  org.apache.flink.configuration.GlobalConfiguration           [] - Loading configuration property: jobmanager.rpc.port, 6123
2025-06-22 16:20:30,085 INFO  org.apache.flink.configuration.GlobalConfiguration           [] - Loading configuration property: query.server.port, 6125
2025-06-22 16:20:30,085 INFO  org.apache.flink.configuration.GlobalConfiguration           [] - Loading configuration property: rest.bind-address, 0.0.0.0
2025-06-22 16:20:30,085 INFO  org.apache.flink.configuration.GlobalConfiguration           [] - Loading configuration property: jobmanager.bind-host, 0.0.0.0
2025-06-22 16:20:30,086 INFO  org.apache.flink.configuration.GlobalConfiguration           [] - Loading configuration property: parallelism.default, 1
2025-06-22 16:20:30,086 INFO  org.apache.flink.configuration.GlobalConfiguration           [] - Loading configuration property: taskmanager.numberOfTaskSlots, 1
2025-06-22 16:20:30,086 INFO  org.apache.flink.configuration.GlobalConfiguration           [] - Loading configuration property: rest.address, 0.0.0.0
2025-06-22 16:20:30,086 INFO  org.apache.flink.configuration.GlobalConfiguration           [] - Loading dynamic configuration property: jobmanager.memory.off-heap.size, 134217728b
2025-06-22 16:20:30,087 INFO  org.apache.flink.configuration.GlobalConfiguration           [] - Loading dynamic configuration property: jobmanager.memory.jvm-overhead.min, 201326592b
2025-06-22 16:20:30,090 INFO  org.apache.flink.configuration.GlobalConfiguration           [] - Loading dynamic configuration property: jobmanager.memory.jvm-metaspace.size, 268435456b
2025-06-22 16:20:30,090 INFO  org.apache.flink.configuration.GlobalConfiguration           [] - Loading dynamic configuration property: jobmanager.memory.heap.size, 1073741824b
2025-06-22 16:20:30,090 INFO  org.apache.flink.configuration.GlobalConfiguration           [] - Loading dynamic configuration property: jobmanager.memory.jvm-overhead.max, 201326592b
2025-06-22 16:20:30,119 INFO  org.apache.flink.runtime.entrypoint.ClusterEntrypoint        [] - Starting StandaloneSessionClusterEntrypoint.
2025-06-22 16:20:30,169 INFO  org.apache.flink.runtime.entrypoint.ClusterEntrypoint        [] - Install default filesystem.
2025-06-22 16:20:30,171 INFO  org.apache.flink.core.fs.FileSystem                          [] - Hadoop is not in the classpath/dependencies. The extended set of supported File Systems via Hadoop is not available.
2025-06-22 16:20:30,181 INFO  org.apache.flink.core.plugin.DefaultPluginManager            [] - Plugin loader with ID not found, creating it: metrics-prometheus
2025-06-22 16:20:30,191 INFO  org.apache.flink.core.plugin.DefaultPluginManager            [] - Plugin loader with ID not found, creating it: metrics-influx
2025-06-22 16:20:30,192 INFO  org.apache.flink.core.plugin.DefaultPluginManager            [] - Plugin loader with ID not found, creating it: metrics-slf4j
2025-06-22 16:20:30,192 INFO  org.apache.flink.core.plugin.DefaultPluginManager            [] - Plugin loader with ID not found, creating it: metrics-graphite
2025-06-22 16:20:30,192 INFO  org.apache.flink.core.plugin.DefaultPluginManager            [] - Plugin loader with ID not found, creating it: external-resource-gpu
2025-06-22 16:20:30,192 INFO  org.apache.flink.core.plugin.DefaultPluginManager            [] - Plugin loader with ID not found, creating it: metrics-datadog
2025-06-22 16:20:30,196 INFO  org.apache.flink.core.plugin.DefaultPluginManager            [] - Plugin loader with ID not found, creating it: metrics-jmx
2025-06-22 16:20:30,196 INFO  org.apache.flink.core.plugin.DefaultPluginManager            [] - Plugin loader with ID not found, creating it: metrics-statsd
2025-06-22 16:20:30,211 INFO  org.apache.flink.runtime.entrypoint.ClusterEntrypoint        [] - Install security context.
2025-06-22 16:20:30,229 INFO  org.apache.flink.runtime.security.modules.HadoopModuleFactory [] - Cannot create Hadoop Security Module because Hadoop cannot be found in the Classpath.
2025-06-22 16:20:30,233 INFO  org.apache.flink.runtime.security.modules.JaasModule         [] - Jaas file will be created as /tmp/jaas-16353508496114261516.conf.
2025-06-22 16:20:30,239 INFO  org.apache.flink.runtime.security.contexts.HadoopSecurityContextFactory [] - Cannot install HadoopSecurityContext because Hadoop cannot be found in the Classpath.
2025-06-22 16:20:30,243 INFO  org.apache.flink.runtime.entrypoint.ClusterEntrypoint        [] - Initializing cluster services.
2025-06-22 16:20:30,251 INFO  org.apache.flink.runtime.entrypoint.ClusterEntrypoint        [] - Using working directory: WorkingDirectory(/tmp/jm_edb035d469c8b73794322a8189c1e2b2).
2025-06-22 16:20:30,610 INFO  org.apache.flink.runtime.rpc.akka.AkkaRpcServiceUtils        [] - Trying to start actor system, external address jobmanager:6123, bind address 0.0.0.0:6123.
2025-06-22 16:20:31,151 INFO  akka.event.slf4j.Slf4jLogger                                 [] - Slf4jLogger started
2025-06-22 16:20:31,193 INFO  akka.remote.RemoteActorRefProvider                           [] - Akka Cluster not in use - enabling unsafe features anyway because `akka.remote.use-unsafe-remote-features-outside-cluster` has been enabled.
2025-06-22 16:20:31,193 INFO  akka.remote.Remoting                                         [] - Starting remoting
2025-06-22 16:20:31,340 INFO  akka.remote.Remoting                                         [] - Remoting started; listening on addresses :[akka.tcp://flink@jobmanager:6123]
2025-06-22 16:20:31,444 INFO  org.apache.flink.runtime.rpc.akka.AkkaRpcServiceUtils        [] - Actor system started at akka.tcp://flink@jobmanager:6123
2025-06-22 16:20:31,457 INFO  org.apache.flink.runtime.security.token.DefaultDelegationTokenManager [] - Loading delegation token providers
2025-06-22 16:20:31,463 INFO  org.apache.flink.runtime.security.token.hadoop.HadoopFSDelegationTokenProvider [] - Hadoop FS is not available (not packaged with this application): NoClassDefFoundError : "org/apache/hadoop/conf/Configuration".
2025-06-22 16:20:31,463 INFO  org.apache.flink.runtime.security.token.DefaultDelegationTokenManager [] - Delegation token provider hadoopfs loaded and initialized
2025-06-22 16:20:31,464 INFO  org.apache.flink.runtime.security.token.DefaultDelegationTokenManager [] - Delegation token provider hbase loaded and initialized
2025-06-22 16:20:31,464 INFO  org.apache.flink.core.plugin.DefaultPluginManager            [] - Plugin loader with ID found, reusing it: metrics-prometheus
2025-06-22 16:20:31,464 INFO  org.apache.flink.core.plugin.DefaultPluginManager            [] - Plugin loader with ID found, reusing it: metrics-influx
2025-06-22 16:20:31,464 INFO  org.apache.flink.core.plugin.DefaultPluginManager            [] - Plugin loader with ID found, reusing it: metrics-slf4j
2025-06-22 16:20:31,464 INFO  org.apache.flink.core.plugin.DefaultPluginManager            [] - Plugin loader with ID found, reusing it: metrics-graphite
2025-06-22 16:20:31,464 INFO  org.apache.flink.core.plugin.DefaultPluginManager            [] - Plugin loader with ID found, reusing it: external-resource-gpu
2025-06-22 16:20:31,465 INFO  org.apache.flink.core.plugin.DefaultPluginManager            [] - Plugin loader with ID found, reusing it: metrics-datadog
2025-06-22 16:20:31,465 INFO  org.apache.flink.core.plugin.DefaultPluginManager            [] - Plugin loader with ID found, reusing it: metrics-jmx
2025-06-22 16:20:31,465 INFO  org.apache.flink.core.plugin.DefaultPluginManager            [] - Plugin loader with ID found, reusing it: metrics-statsd
2025-06-22 16:20:31,465 INFO  org.apache.flink.runtime.security.token.DefaultDelegationTokenManager [] - Delegation token providers loaded successfully
2025-06-22 16:20:31,466 INFO  org.apache.flink.runtime.security.token.DelegationTokenReceiverRepository [] - Loading delegation token receivers
2025-06-22 16:20:31,467 INFO  org.apache.flink.runtime.security.token.DelegationTokenReceiverRepository [] - Delegation token receiver hadoopfs loaded and initialized
2025-06-22 16:20:31,467 INFO  org.apache.flink.runtime.security.token.DelegationTokenReceiverRepository [] - Delegation token receiver hbase loaded and initialized
2025-06-22 16:20:31,467 INFO  org.apache.flink.core.plugin.DefaultPluginManager            [] - Plugin loader with ID found, reusing it: metrics-prometheus
2025-06-22 16:20:31,467 INFO  org.apache.flink.core.plugin.DefaultPluginManager            [] - Plugin loader with ID found, reusing it: metrics-influx
2025-06-22 16:20:31,468 INFO  org.apache.flink.core.plugin.DefaultPluginManager            [] - Plugin loader with ID found, reusing it: metrics-slf4j
2025-06-22 16:20:31,468 INFO  org.apache.flink.core.plugin.DefaultPluginManager            [] - Plugin loader with ID found, reusing it: metrics-graphite
2025-06-22 16:20:31,468 INFO  org.apache.flink.core.plugin.DefaultPluginManager            [] - Plugin loader with ID found, reusing it: external-resource-gpu
2025-06-22 16:20:31,468 INFO  org.apache.flink.core.plugin.DefaultPluginManager            [] - Plugin loader with ID found, reusing it: metrics-datadog
2025-06-22 16:20:31,468 INFO  org.apache.flink.core.plugin.DefaultPluginManager            [] - Plugin loader with ID found, reusing it: metrics-jmx
2025-06-22 16:20:31,468 INFO  org.apache.flink.core.plugin.DefaultPluginManager            [] - Plugin loader with ID found, reusing it: metrics-statsd
2025-06-22 16:20:31,468 INFO  org.apache.flink.runtime.security.token.DelegationTokenReceiverRepository [] - Delegation token receivers loaded successfully
2025-06-22 16:20:31,468 INFO  org.apache.flink.runtime.security.token.DefaultDelegationTokenManager [] - Checking provider and receiver instances consistency
2025-06-22 16:20:31,468 INFO  org.apache.flink.runtime.security.token.DefaultDelegationTokenManager [] - Provider and receiver instances are consistent
2025-06-22 16:20:31,468 INFO  org.apache.flink.runtime.security.token.DefaultDelegationTokenManager [] - Obtaining delegation tokens
2025-06-22 16:20:31,470 INFO  org.apache.flink.runtime.security.token.DefaultDelegationTokenManager [] - Delegation tokens obtained successfully
2025-06-22 16:20:31,470 WARN  org.apache.flink.runtime.security.token.DefaultDelegationTokenManager [] - No tokens obtained so skipping notifications
2025-06-22 16:20:31,486 INFO  org.apache.flink.runtime.blob.BlobServer                     [] - Created BLOB server storage directory /tmp/jm_edb035d469c8b73794322a8189c1e2b2/blobStorage
2025-06-22 16:20:31,489 INFO  org.apache.flink.runtime.blob.BlobServer                     [] - Started BLOB server at 0.0.0.0:6124 - max concurrent requests: 50 - max backlog: 1000
2025-06-22 16:20:31,501 INFO  org.apache.flink.runtime.metrics.MetricRegistryImpl          [] - No metrics reporter configured, no metrics will be exposed/reported.
2025-06-22 16:20:31,503 INFO  org.apache.flink.runtime.rpc.akka.AkkaRpcServiceUtils        [] - Trying to start actor system, external address jobmanager:0, bind address 0.0.0.0:0.
2025-06-22 16:20:31,534 INFO  akka.event.slf4j.Slf4jLogger                                 [] - Slf4jLogger started
2025-06-22 16:20:31,541 INFO  akka.remote.RemoteActorRefProvider                           [] - Akka Cluster not in use - enabling unsafe features anyway because `akka.remote.use-unsafe-remote-features-outside-cluster` has been enabled.
2025-06-22 16:20:31,542 INFO  akka.remote.Remoting                                         [] - Starting remoting
2025-06-22 16:20:31,585 INFO  akka.remote.Remoting                                         [] - Remoting started; listening on addresses :[akka.tcp://flink-metrics@jobmanager:45039]
2025-06-22 16:20:31,593 INFO  org.apache.flink.runtime.rpc.akka.AkkaRpcServiceUtils        [] - Actor system started at akka.tcp://flink-metrics@jobmanager:45039
2025-06-22 16:20:31,611 INFO  org.apache.flink.runtime.rpc.akka.AkkaRpcService             [] - Starting RPC endpoint for org.apache.flink.runtime.metrics.dump.MetricQueryService at akka://flink-metrics/user/rpc/MetricQueryService .
2025-06-22 16:20:31,648 INFO  org.apache.flink.runtime.dispatcher.FileExecutionGraphInfoStore [] - Initializing FileExecutionGraphInfoStore: Storage directory /tmp/executionGraphStore-4178c362-c174-4646-b46f-7390acc13f21, expiration time 3600000, maximum cache size 52428800 bytes.
2025-06-22 16:20:31,715 INFO  org.apache.flink.runtime.dispatcher.DispatcherRestEndpoint   [] - Upload directory /tmp/flink-web-7e141c1d-fea9-4629-b59f-19cf76347bca/flink-web-upload does not exist. 
2025-06-22 16:20:31,716 INFO  org.apache.flink.runtime.dispatcher.DispatcherRestEndpoint   [] - Created directory /tmp/flink-web-7e141c1d-fea9-4629-b59f-19cf76347bca/flink-web-upload for file uploads.
2025-06-22 16:20:31,718 INFO  org.apache.flink.runtime.dispatcher.DispatcherRestEndpoint   [] - Starting rest endpoint.
2025-06-22 16:20:31,884 INFO  org.apache.flink.runtime.webmonitor.WebMonitorUtils          [] - Determined location of main cluster component log file: /opt/flink/log/flink--standalonesession-0-2376e25bedce.log
2025-06-22 16:20:31,884 INFO  org.apache.flink.runtime.webmonitor.WebMonitorUtils          [] - Determined location of main cluster component stdout file: /opt/flink/log/flink--standalonesession-0-2376e25bedce.out
2025-06-22 16:20:31,965 INFO  org.apache.flink.runtime.dispatcher.DispatcherRestEndpoint   [] - Rest endpoint listening at 0.0.0.0:8081
2025-06-22 16:20:31,967 INFO  org.apache.flink.runtime.dispatcher.DispatcherRestEndpoint   [] - http://0.0.0.0:8081 was granted leadership with leaderSessionID=00000000-0000-0000-0000-000000000000
2025-06-22 16:20:31,967 INFO  org.apache.flink.runtime.dispatcher.DispatcherRestEndpoint   [] - Web frontend listening at http://0.0.0.0:8081.
2025-06-22 16:20:31,987 INFO  org.apache.flink.runtime.dispatcher.runner.DefaultDispatcherRunner [] - DefaultDispatcherRunner was granted leadership with leader id 00000000-0000-0000-0000-000000000000. Creating new DispatcherLeaderProcess.
2025-06-22 16:20:31,989 INFO  org.apache.flink.runtime.dispatcher.runner.SessionDispatcherLeaderProcess [] - Start SessionDispatcherLeaderProcess.
2025-06-22 16:20:31,991 INFO  org.apache.flink.runtime.resourcemanager.ResourceManagerServiceImpl [] - Starting resource manager service.
2025-06-22 16:20:32,009 INFO  org.apache.flink.runtime.dispatcher.runner.SessionDispatcherLeaderProcess [] - Recover all persisted job graphs that are not finished, yet.
2025-06-22 16:20:32,010 INFO  org.apache.flink.runtime.dispatcher.runner.SessionDispatcherLeaderProcess [] - Successfully recovered 0 persisted job graphs.
2025-06-22 16:20:32,010 INFO  org.apache.flink.runtime.resourcemanager.ResourceManagerServiceImpl [] - Resource manager service is granted leadership with session id 00000000-0000-0000-0000-000000000000.
2025-06-22 16:20:32,051 INFO  org.apache.flink.runtime.rpc.akka.AkkaRpcService             [] - Starting RPC endpoint for org.apache.flink.runtime.resourcemanager.StandaloneResourceManager at akka://flink/user/rpc/resourcemanager_0 .
2025-06-22 16:20:32,084 INFO  org.apache.flink.runtime.rpc.akka.AkkaRpcService             [] - Starting RPC endpoint for org.apache.flink.runtime.dispatcher.StandaloneDispatcher at akka://flink/user/rpc/dispatcher_1 .
2025-06-22 16:20:32,099 INFO  org.apache.flink.runtime.resourcemanager.StandaloneResourceManager [] - Starting the resource manager.
2025-06-22 16:20:32,112 INFO  org.apache.flink.runtime.security.token.DefaultDelegationTokenManager [] - Starting tokens update task
2025-06-22 16:20:32,113 WARN  org.apache.flink.runtime.security.token.DefaultDelegationTokenManager [] - No tokens obtained so skipping notifications
2025-06-22 16:20:32,113 WARN  org.apache.flink.runtime.security.token.DefaultDelegationTokenManager [] - Tokens update task not started because either no tokens obtained or none of the tokens specified its renewal date
2025-06-22 16:20:32,672 INFO  org.apache.flink.runtime.resourcemanager.StandaloneResourceManager [] - Registering TaskManager with ResourceID 172.19.0.6:32773-6dfc2a (akka.tcp://flink@172.19.0.6:32773/user/rpc/taskmanager_0) at ResourceManager
2025-06-22 16:20:33,732 INFO  org.apache.flink.runtime.dispatcher.StandaloneDispatcher     [] - Received JobGraph submission 'Flink Kafka EventType Forwarder' (678cc67b84e87ca334fe4aa9f37e1219).
2025-06-22 16:20:33,733 INFO  org.apache.flink.runtime.dispatcher.StandaloneDispatcher     [] - Submitting job 'Flink Kafka EventType Forwarder' (678cc67b84e87ca334fe4aa9f37e1219).
2025-06-22 16:20:33,741 INFO  org.apache.flink.runtime.jobmaster.JobMasterServiceLeadershipRunner [] - JobMasterServiceLeadershipRunner for job 678cc67b84e87ca334fe4aa9f37e1219 was granted leadership with leader id 00000000-0000-0000-0000-000000000000. Creating new JobMasterServiceProcess.
2025-06-22 16:20:33,747 INFO  org.apache.flink.runtime.rpc.akka.AkkaRpcService             [] - Starting RPC endpoint for org.apache.flink.runtime.jobmaster.JobMaster at akka://flink/user/rpc/jobmanager_2 .
2025-06-22 16:20:33,751 INFO  org.apache.flink.runtime.jobmaster.JobMaster                 [] - Initializing job 'Flink Kafka EventType Forwarder' (678cc67b84e87ca334fe4aa9f37e1219).
2025-06-22 16:20:33,765 INFO  org.apache.flink.runtime.jobmaster.JobMaster                 [] - Using restart back off time strategy NoRestartBackoffTimeStrategy for Flink Kafka EventType Forwarder (678cc67b84e87ca334fe4aa9f37e1219).
2025-06-22 16:20:33,782 INFO  org.apache.flink.runtime.executiongraph.ExecutionGraph       [] - Created execution graph 0974aed19b6837f88f35bcc6533fcc7d for job 678cc67b84e87ca334fe4aa9f37e1219.
2025-06-22 16:20:33,791 INFO  org.apache.flink.runtime.jobmaster.JobMaster                 [] - Running initialization on master for job Flink Kafka EventType Forwarder (678cc67b84e87ca334fe4aa9f37e1219).
2025-06-22 16:20:33,792 INFO  org.apache.flink.runtime.jobmaster.JobMaster                 [] - Successfully ran initialization on master in 0 ms.
2025-06-22 16:20:33,826 INFO  org.apache.flink.runtime.scheduler.adapter.DefaultExecutionTopology [] - Built 1 new pipelined regions in 0 ms, total 1 pipelined regions currently.
2025-06-22 16:20:33,830 INFO  org.apache.flink.runtime.jobmaster.JobMaster                 [] - No state backend has been configured, using default (HashMap) org.apache.flink.runtime.state.hashmap.HashMapStateBackend@108ead14
2025-06-22 16:20:33,830 INFO  org.apache.flink.runtime.state.StateBackendLoader            [] - State backend loader loads the state backend as HashMapStateBackend
2025-06-22 16:20:33,832 INFO  org.apache.flink.runtime.jobmaster.JobMaster                 [] - Checkpoint storage is set to 'jobmanager'
2025-06-22 16:20:33,846 INFO  org.apache.flink.runtime.checkpoint.CheckpointCoordinator    [] - No checkpoint found during restore.
2025-06-22 16:20:33,849 INFO  org.apache.flink.runtime.jobmaster.JobMaster                 [] - Using failover strategy org.apache.flink.runtime.executiongraph.failover.flip1.RestartPipelinedRegionFailoverStrategy@20bdc9b6 for Flink Kafka EventType Forwarder (678cc67b84e87ca334fe4aa9f37e1219).
2025-06-22 16:20:33,855 INFO  org.apache.flink.runtime.jobmaster.JobMaster                 [] - Starting execution of job 'Flink Kafka EventType Forwarder' (678cc67b84e87ca334fe4aa9f37e1219) under job master id 00000000000000000000000000000000.
2025-06-22 16:20:33,858 INFO  org.apache.flink.runtime.source.coordinator.SourceCoordinator [] - Starting split enumerator for source Source: Kafka Source.
2025-06-22 16:20:33,865 INFO  org.apache.flink.runtime.jobmaster.JobMaster                 [] - Starting scheduling with scheduling strategy [org.apache.flink.runtime.scheduler.strategy.PipelinedRegionSchedulingStrategy]
2025-06-22 16:20:33,865 INFO  org.apache.flink.runtime.executiongraph.ExecutionGraph       [] - Job Flink Kafka EventType Forwarder (678cc67b84e87ca334fe4aa9f37e1219) switched from state CREATED to RUNNING.
2025-06-22 16:20:33,868 INFO  org.apache.flink.runtime.executiongraph.ExecutionGraph       [] - Source: Kafka Source -> Filter -> Filter -> Map -> Filter (1/1) (0974aed19b6837f88f35bcc6533fcc7d_cbc357ccb763df2852fee8c4fc7d55f2_0_0) switched from CREATED to SCHEDULED.
2025-06-22 16:20:33,868 INFO  org.apache.flink.runtime.executiongraph.ExecutionGraph       [] - TriggerWindow(TumblingProcessingTimeWindows(1000), ListStateDescriptor{name=window-contents, defaultValue=null, serializer=org.apache.flink.api.common.typeutils.base.ListSerializer@2e31f435}, ProcessingTimeTrigger(), AllWindowedStream.main(FlinkEventTypeAggregator.java:51)) -> Sink: Writer -> Sink: Committer (1/1) (0974aed19b6837f88f35bcc6533fcc7d_337adade1e207453ed3502e01d75fd03_0_0) switched from CREATED to SCHEDULED.
2025-06-22 16:20:33,879 INFO  org.apache.flink.runtime.jobmaster.JobMaster                 [] - Connecting to ResourceManager akka.tcp://flink@jobmanager:6123/user/rpc/resourcemanager_*(00000000000000000000000000000000)
2025-06-22 16:20:33,881 INFO  org.apache.kafka.clients.admin.AdminClientConfig             [] - AdminClientConfig values: 
	bootstrap.servers = [kafka:29092]
	client.dns.lookup = use_all_dns_ips
	client.id = flink-eventtype-forwarder-group-enumerator-admin-client
	connections.max.idle.ms = 300000
	default.api.timeout.ms = 60000
	metadata.max.age.ms = 300000
	metric.reporters = []
	metrics.num.samples = 2
	metrics.recording.level = INFO
	metrics.sample.window.ms = 30000
	receive.buffer.bytes = 65536
	reconnect.backoff.max.ms = 1000
	reconnect.backoff.ms = 50
	request.timeout.ms = 30000
	retries = 2147483647
	retry.backoff.ms = 100
	sasl.client.callback.handler.class = null
	sasl.jaas.config = null
	sasl.kerberos.kinit.cmd = /usr/bin/kinit
	sasl.kerberos.min.time.before.relogin = 60000
	sasl.kerberos.service.name = null
	sasl.kerberos.ticket.renew.jitter = 0.05
	sasl.kerberos.ticket.renew.window.factor = 0.8
	sasl.login.callback.handler.class = null
	sasl.login.class = null
	sasl.login.connect.timeout.ms = null
	sasl.login.read.timeout.ms = null
	sasl.login.refresh.buffer.seconds = 300
	sasl.login.refresh.min.period.seconds = 60
	sasl.login.refresh.window.factor = 0.8
	sasl.login.refresh.window.jitter = 0.05
	sasl.login.retry.backoff.max.ms = 10000
	sasl.login.retry.backoff.ms = 100
	sasl.mechanism = GSSAPI
	sasl.oauthbearer.clock.skew.seconds = 30
	sasl.oauthbearer.expected.audience = null
	sasl.oauthbearer.expected.issuer = null
	sasl.oauthbearer.jwks.endpoint.refresh.ms = 3600000
	sasl.oauthbearer.jwks.endpoint.retry.backoff.max.ms = 10000
	sasl.oauthbearer.jwks.endpoint.retry.backoff.ms = 100
	sasl.oauthbearer.jwks.endpoint.url = null
	sasl.oauthbearer.scope.claim.name = scope
	sasl.oauthbearer.sub.claim.name = sub
	sasl.oauthbearer.token.endpoint.url = null
	security.protocol = PLAINTEXT
	security.providers = null
	send.buffer.bytes = 131072
	socket.connection.setup.timeout.max.ms = 30000
	socket.connection.setup.timeout.ms = 10000
	ssl.cipher.suites = null
	ssl.enabled.protocols = [TLSv1.2, TLSv1.3]
	ssl.endpoint.identification.algorithm = https
	ssl.engine.factory.class = null
	ssl.key.password = null
	ssl.keymanager.algorithm = SunX509
	ssl.keystore.certificate.chain = null
	ssl.keystore.key = null
	ssl.keystore.location = null
	ssl.keystore.password = null
	ssl.keystore.type = JKS
	ssl.protocol = TLSv1.3
	ssl.provider = null
	ssl.secure.random.implementation = null
	ssl.trustmanager.algorithm = PKIX
	ssl.truststore.certificates = null
	ssl.truststore.location = null
	ssl.truststore.password = null
	ssl.truststore.type = JKS

2025-06-22 16:20:33,883 INFO  org.apache.flink.runtime.jobmaster.JobMaster                 [] - Resolved ResourceManager address, beginning registration
2025-06-22 16:20:33,885 INFO  org.apache.flink.runtime.resourcemanager.StandaloneResourceManager [] - Registering job manager 00000000000000000000000000000000@akka.tcp://flink@jobmanager:6123/user/rpc/jobmanager_2 for job 678cc67b84e87ca334fe4aa9f37e1219.
2025-06-22 16:20:33,891 INFO  org.apache.flink.runtime.resourcemanager.StandaloneResourceManager [] - Registered job manager 00000000000000000000000000000000@akka.tcp://flink@jobmanager:6123/user/rpc/jobmanager_2 for job 678cc67b84e87ca334fe4aa9f37e1219.
2025-06-22 16:20:33,896 INFO  org.apache.flink.runtime.jobmaster.JobMaster                 [] - JobManager successfully registered at ResourceManager, leader id: 00000000000000000000000000000000.
2025-06-22 16:20:33,899 INFO  org.apache.flink.runtime.resourcemanager.slotmanager.DeclarativeSlotManager [] - Received resource requirements from job 678cc67b84e87ca334fe4aa9f37e1219: [ResourceRequirement{resourceProfile=ResourceProfile{UNKNOWN}, numberOfRequiredSlots=1}]
2025-06-22 16:20:33,957 WARN  org.apache.kafka.clients.admin.AdminClientConfig             [] - The configuration 'key.deserializer' was supplied but isn't a known config.
2025-06-22 16:20:33,957 WARN  org.apache.kafka.clients.admin.AdminClientConfig             [] - The configuration 'value.deserializer' was supplied but isn't a known config.
2025-06-22 16:20:33,957 WARN  org.apache.kafka.clients.admin.AdminClientConfig             [] - The configuration 'enable.auto.commit' was supplied but isn't a known config.
2025-06-22 16:20:33,957 WARN  org.apache.kafka.clients.admin.AdminClientConfig             [] - The configuration 'client.id.prefix' was supplied but isn't a known config.
2025-06-22 16:20:33,957 WARN  org.apache.kafka.clients.admin.AdminClientConfig             [] - The configuration 'group.id' was supplied but isn't a known config.
2025-06-22 16:20:33,957 WARN  org.apache.kafka.clients.admin.AdminClientConfig             [] - The configuration 'partition.discovery.interval.ms' was supplied but isn't a known config.
2025-06-22 16:20:33,957 WARN  org.apache.kafka.clients.admin.AdminClientConfig             [] - The configuration 'auto.offset.reset' was supplied but isn't a known config.
2025-06-22 16:20:33,959 INFO  org.apache.kafka.common.utils.AppInfoParser                  [] - Kafka version: 3.1.0
2025-06-22 16:20:33,959 INFO  org.apache.kafka.common.utils.AppInfoParser                  [] - Kafka commitId: 37edeed0777bacb3
2025-06-22 16:20:33,959 INFO  org.apache.kafka.common.utils.AppInfoParser                  [] - Kafka startTimeMs: 1750609233957
2025-06-22 16:20:33,961 INFO  org.apache.flink.connector.kafka.source.enumerator.KafkaSourceEnumerator [] - Starting the KafkaSourceEnumerator for consumer group flink-eventtype-forwarder-group without periodic partition discovery.
2025-06-22 16:20:33,977 INFO  org.apache.kafka.clients.NetworkClient                       [] - [AdminClient clientId=flink-eventtype-forwarder-group-enumerator-admin-client] Node -1 disconnected.
2025-06-22 16:20:33,978 WARN  org.apache.kafka.clients.NetworkClient                       [] - [AdminClient clientId=flink-eventtype-forwarder-group-enumerator-admin-client] Connection to node -1 (kafka/172.19.0.3:29092) could not be established. Broker may not be available.
2025-06-22 16:20:34,074 INFO  org.apache.flink.runtime.executiongraph.ExecutionGraph       [] - Source: Kafka Source -> Filter -> Filter -> Map -> Filter (1/1) (0974aed19b6837f88f35bcc6533fcc7d_cbc357ccb763df2852fee8c4fc7d55f2_0_0) switched from SCHEDULED to DEPLOYING.
2025-06-22 16:20:34,075 INFO  org.apache.flink.runtime.executiongraph.ExecutionGraph       [] - Deploying Source: Kafka Source -> Filter -> Filter -> Map -> Filter (1/1) (attempt #0) with attempt id 0974aed19b6837f88f35bcc6533fcc7d_cbc357ccb763df2852fee8c4fc7d55f2_0_0 and vertex id cbc357ccb763df2852fee8c4fc7d55f2_0 to 172.19.0.6:32773-6dfc2a @ taskmanager.movie_liveroom_appnet (dataPort=44929) with allocation id 13485294f168c9cb932b081842f7e8e1
2025-06-22 16:20:34,078 INFO  org.apache.flink.runtime.executiongraph.ExecutionGraph       [] - TriggerWindow(TumblingProcessingTimeWindows(1000), ListStateDescriptor{name=window-contents, defaultValue=null, serializer=org.apache.flink.api.common.typeutils.base.ListSerializer@2e31f435}, ProcessingTimeTrigger(), AllWindowedStream.main(FlinkEventTypeAggregator.java:51)) -> Sink: Writer -> Sink: Committer (1/1) (0974aed19b6837f88f35bcc6533fcc7d_337adade1e207453ed3502e01d75fd03_0_0) switched from SCHEDULED to DEPLOYING.
2025-06-22 16:20:34,078 INFO  org.apache.flink.runtime.executiongraph.ExecutionGraph       [] - Deploying TriggerWindow(TumblingProcessingTimeWindows(1000), ListStateDescriptor{name=window-contents, defaultValue=null, serializer=org.apache.flink.api.common.typeutils.base.ListSerializer@2e31f435}, ProcessingTimeTrigger(), AllWindowedStream.main(FlinkEventTypeAggregator.java:51)) -> Sink: Writer -> Sink: Committer (1/1) (attempt #0) with attempt id 0974aed19b6837f88f35bcc6533fcc7d_337adade1e207453ed3502e01d75fd03_0_0 and vertex id 337adade1e207453ed3502e01d75fd03_0 to 172.19.0.6:32773-6dfc2a @ taskmanager.movie_liveroom_appnet (dataPort=44929) with allocation id 13485294f168c9cb932b081842f7e8e1
2025-06-22 16:20:34,083 INFO  org.apache.kafka.clients.NetworkClient                       [] - [AdminClient clientId=flink-eventtype-forwarder-group-enumerator-admin-client] Node -1 disconnected.
2025-06-22 16:20:34,084 WARN  org.apache.kafka.clients.NetworkClient                       [] - [AdminClient clientId=flink-eventtype-forwarder-group-enumerator-admin-client] Connection to node -1 (kafka/172.19.0.3:29092) could not be established. Broker may not be available.
2025-06-22 16:20:34,186 INFO  org.apache.kafka.clients.NetworkClient                       [] - [AdminClient clientId=flink-eventtype-forwarder-group-enumerator-admin-client] Node -1 disconnected.
2025-06-22 16:20:34,187 WARN  org.apache.kafka.clients.NetworkClient                       [] - [AdminClient clientId=flink-eventtype-forwarder-group-enumerator-admin-client] Connection to node -1 (kafka/172.19.0.3:29092) could not be established. Broker may not be available.
2025-06-22 16:20:34,221 INFO  org.apache.flink.runtime.executiongraph.ExecutionGraph       [] - TriggerWindow(TumblingProcessingTimeWindows(1000), ListStateDescriptor{name=window-contents, defaultValue=null, serializer=org.apache.flink.api.common.typeutils.base.ListSerializer@2e31f435}, ProcessingTimeTrigger(), AllWindowedStream.main(FlinkEventTypeAggregator.java:51)) -> Sink: Writer -> Sink: Committer (1/1) (0974aed19b6837f88f35bcc6533fcc7d_337adade1e207453ed3502e01d75fd03_0_0) switched from DEPLOYING to INITIALIZING.
2025-06-22 16:20:34,222 INFO  org.apache.flink.runtime.executiongraph.ExecutionGraph       [] - Source: Kafka Source -> Filter -> Filter -> Map -> Filter (1/1) (0974aed19b6837f88f35bcc6533fcc7d_cbc357ccb763df2852fee8c4fc7d55f2_0_0) switched from DEPLOYING to INITIALIZING.
2025-06-22 16:20:34,389 INFO  org.apache.kafka.clients.NetworkClient                       [] - [AdminClient clientId=flink-eventtype-forwarder-group-enumerator-admin-client] Node -1 disconnected.
2025-06-22 16:20:34,390 WARN  org.apache.kafka.clients.NetworkClient                       [] - [AdminClient clientId=flink-eventtype-forwarder-group-enumerator-admin-client] Connection to node -1 (kafka/172.19.0.3:29092) could not be established. Broker may not be available.
2025-06-22 16:20:34,512 INFO  org.apache.flink.runtime.source.coordinator.SourceCoordinator [] - Source Source: Kafka Source registering reader for parallel task 0 (#0) @ 172.19.0.6
2025-06-22 16:20:34,519 INFO  org.apache.flink.runtime.executiongraph.ExecutionGraph       [] - Source: Kafka Source -> Filter -> Filter -> Map -> Filter (1/1) (0974aed19b6837f88f35bcc6533fcc7d_cbc357ccb763df2852fee8c4fc7d55f2_0_0) switched from INITIALIZING to RUNNING.
2025-06-22 16:20:34,520 INFO  org.apache.flink.runtime.executiongraph.ExecutionGraph       [] - TriggerWindow(TumblingProcessingTimeWindows(1000), ListStateDescriptor{name=window-contents, defaultValue=null, serializer=org.apache.flink.api.common.typeutils.base.ListSerializer@2e31f435}, ProcessingTimeTrigger(), AllWindowedStream.main(FlinkEventTypeAggregator.java:51)) -> Sink: Writer -> Sink: Committer (1/1) (0974aed19b6837f88f35bcc6533fcc7d_337adade1e207453ed3502e01d75fd03_0_0) switched from INITIALIZING to RUNNING.
2025-06-22 16:20:34,898 INFO  org.apache.kafka.clients.NetworkClient                       [] - [AdminClient clientId=flink-eventtype-forwarder-group-enumerator-admin-client] Node -1 disconnected.
2025-06-22 16:20:34,898 WARN  org.apache.kafka.clients.NetworkClient                       [] - [AdminClient clientId=flink-eventtype-forwarder-group-enumerator-admin-client] Connection to node -1 (kafka/172.19.0.3:29092) could not be established. Broker may not be available.
2025-06-22 16:20:35,811 INFO  org.apache.kafka.clients.NetworkClient                       [] - [AdminClient clientId=flink-eventtype-forwarder-group-enumerator-admin-client] Node -1 disconnected.
2025-06-22 16:20:35,811 WARN  org.apache.kafka.clients.NetworkClient                       [] - [AdminClient clientId=flink-eventtype-forwarder-group-enumerator-admin-client] Connection to node -1 (kafka/172.19.0.3:29092) could not be established. Broker may not be available.
2025-06-22 16:20:36,822 INFO  org.apache.kafka.clients.NetworkClient                       [] - [AdminClient clientId=flink-eventtype-forwarder-group-enumerator-admin-client] Node -1 disconnected.
2025-06-22 16:20:36,822 WARN  org.apache.kafka.clients.NetworkClient                       [] - [AdminClient clientId=flink-eventtype-forwarder-group-enumerator-admin-client] Connection to node -1 (kafka/172.19.0.3:29092) could not be established. Broker may not be available.
2025-06-22 16:20:37,936 INFO  org.apache.kafka.clients.NetworkClient                       [] - [AdminClient clientId=flink-eventtype-forwarder-group-enumerator-admin-client] Node -1 disconnected.
2025-06-22 16:20:37,937 WARN  org.apache.kafka.clients.NetworkClient                       [] - [AdminClient clientId=flink-eventtype-forwarder-group-enumerator-admin-client] Connection to node -1 (kafka/172.19.0.3:29092) could not be established. Broker may not be available.
2025-06-22 16:20:39,151 INFO  org.apache.kafka.clients.NetworkClient                       [] - [AdminClient clientId=flink-eventtype-forwarder-group-enumerator-admin-client] Node -1 disconnected.
2025-06-22 16:20:39,151 WARN  org.apache.kafka.clients.NetworkClient                       [] - [AdminClient clientId=flink-eventtype-forwarder-group-enumerator-admin-client] Connection to node -1 (kafka/172.19.0.3:29092) could not be established. Broker may not be available.
2025-06-22 16:20:40,307 ERROR org.apache.flink.runtime.source.coordinator.SourceCoordinatorContext [] - Exception while handling result from async call in SourceCoordinator-Source: Kafka Source. Triggering job failover.
org.apache.flink.util.FlinkRuntimeException: Failed to list subscribed topic partitions due to 
	at org.apache.flink.connector.kafka.source.enumerator.KafkaSourceEnumerator.checkPartitionChanges(KafkaSourceEnumerator.java:234) ~[flink-connector-kafka-1.17.1.jar:1.17.1]
	at org.apache.flink.runtime.source.coordinator.ExecutorNotifier.lambda$null$1(ExecutorNotifier.java:83) ~[flink-dist-1.17.1.jar:1.17.1]
	at org.apache.flink.util.ThrowableCatchingRunnable.run(ThrowableCatchingRunnable.java:40) [flink-dist-1.17.1.jar:1.17.1]
	at java.util.concurrent.Executors$RunnableAdapter.call(Unknown Source) [?:?]
	at java.util.concurrent.FutureTask.run(Unknown Source) [?:?]
	at java.util.concurrent.ScheduledThreadPoolExecutor$ScheduledFutureTask.run(Unknown Source) [?:?]
	at java.util.concurrent.ThreadPoolExecutor.runWorker(Unknown Source) [?:?]
	at java.util.concurrent.ThreadPoolExecutor$Worker.run(Unknown Source) [?:?]
	at java.lang.Thread.run(Unknown Source) [?:?]
Caused by: java.lang.RuntimeException: Failed to get metadata for topics [live-events].
	at org.apache.flink.connector.kafka.source.enumerator.subscriber.KafkaSubscriberUtils.getTopicMetadata(KafkaSubscriberUtils.java:47) ~[flink-connector-kafka-1.17.1.jar:1.17.1]
	at org.apache.flink.connector.kafka.source.enumerator.subscriber.TopicListSubscriber.getSubscribedTopicPartitions(TopicListSubscriber.java:52) ~[flink-connector-kafka-1.17.1.jar:1.17.1]
	at org.apache.flink.connector.kafka.source.enumerator.KafkaSourceEnumerator.getSubscribedTopicPartitions(KafkaSourceEnumerator.java:219) ~[flink-connector-kafka-1.17.1.jar:1.17.1]
	at org.apache.flink.runtime.source.coordinator.ExecutorNotifier.lambda$notifyReadyAsync$2(ExecutorNotifier.java:80) ~[flink-dist-1.17.1.jar:1.17.1]
	... 6 more
Caused by: java.util.concurrent.ExecutionException: org.apache.kafka.common.errors.UnknownTopicOrPartitionException: This server does not host this topic-partition.
	at java.util.concurrent.CompletableFuture.reportGet(Unknown Source) ~[?:?]
	at java.util.concurrent.CompletableFuture.get(Unknown Source) ~[?:?]
	at org.apache.kafka.common.internals.KafkaFutureImpl.get(KafkaFutureImpl.java:165) ~[kafka-clients-3.1.0.jar:?]
	at org.apache.flink.connector.kafka.source.enumerator.subscriber.KafkaSubscriberUtils.getTopicMetadata(KafkaSubscriberUtils.java:44) ~[flink-connector-kafka-1.17.1.jar:1.17.1]
	at org.apache.flink.connector.kafka.source.enumerator.subscriber.TopicListSubscriber.getSubscribedTopicPartitions(TopicListSubscriber.java:52) ~[flink-connector-kafka-1.17.1.jar:1.17.1]
	at org.apache.flink.connector.kafka.source.enumerator.KafkaSourceEnumerator.getSubscribedTopicPartitions(KafkaSourceEnumerator.java:219) ~[flink-connector-kafka-1.17.1.jar:1.17.1]
	at org.apache.flink.runtime.source.coordinator.ExecutorNotifier.lambda$notifyReadyAsync$2(ExecutorNotifier.java:80) ~[flink-dist-1.17.1.jar:1.17.1]
	... 6 more
Caused by: org.apache.kafka.common.errors.UnknownTopicOrPartitionException: This server does not host this topic-partition.
2025-06-22 16:20:40,322 INFO  org.apache.flink.runtime.jobmaster.JobMaster                 [] - Trying to recover from a global failure.
org.apache.flink.util.FlinkException: Global failure triggered by OperatorCoordinator for 'Source: Kafka Source -> Filter -> Filter -> Map -> Filter' (operator cbc357ccb763df2852fee8c4fc7d55f2).
	at org.apache.flink.runtime.operators.coordination.OperatorCoordinatorHolder$LazyInitializedCoordinatorContext.failJob(OperatorCoordinatorHolder.java:600) ~[flink-dist-1.17.1.jar:1.17.1]
	at org.apache.flink.runtime.operators.coordination.RecreateOnResetOperatorCoordinator$QuiesceableContext.failJob(RecreateOnResetOperatorCoordinator.java:237) ~[flink-dist-1.17.1.jar:1.17.1]
	at org.apache.flink.runtime.source.coordinator.SourceCoordinatorContext.failJob(SourceCoordinatorContext.java:374) ~[flink-dist-1.17.1.jar:1.17.1]
	at org.apache.flink.runtime.source.coordinator.SourceCoordinatorContext.handleUncaughtExceptionFromAsyncCall(SourceCoordinatorContext.java:387) ~[flink-dist-1.17.1.jar:1.17.1]
	at org.apache.flink.util.ThrowableCatchingRunnable.run(ThrowableCatchingRunnable.java:42) ~[flink-dist-1.17.1.jar:1.17.1]
	at java.util.concurrent.Executors$RunnableAdapter.call(Unknown Source) ~[?:?]
	at java.util.concurrent.FutureTask.run(Unknown Source) ~[?:?]
	at java.util.concurrent.ScheduledThreadPoolExecutor$ScheduledFutureTask.run(Unknown Source) ~[?:?]
	at java.util.concurrent.ThreadPoolExecutor.runWorker(Unknown Source) ~[?:?]
	at java.util.concurrent.ThreadPoolExecutor$Worker.run(Unknown Source) ~[?:?]
	at java.lang.Thread.run(Unknown Source) ~[?:?]
Caused by: org.apache.flink.util.FlinkRuntimeException: Failed to list subscribed topic partitions due to 
	at org.apache.flink.connector.kafka.source.enumerator.KafkaSourceEnumerator.checkPartitionChanges(KafkaSourceEnumerator.java:234) ~[flink-connector-kafka-1.17.1.jar:1.17.1]
	at org.apache.flink.runtime.source.coordinator.ExecutorNotifier.lambda$null$1(ExecutorNotifier.java:83) ~[flink-dist-1.17.1.jar:1.17.1]
	at org.apache.flink.util.ThrowableCatchingRunnable.run(ThrowableCatchingRunnable.java:40) ~[flink-dist-1.17.1.jar:1.17.1]
	... 6 more
Caused by: java.lang.RuntimeException: Failed to get metadata for topics [live-events].
	at org.apache.flink.connector.kafka.source.enumerator.subscriber.KafkaSubscriberUtils.getTopicMetadata(KafkaSubscriberUtils.java:47) ~[flink-connector-kafka-1.17.1.jar:1.17.1]
	at org.apache.flink.connector.kafka.source.enumerator.subscriber.TopicListSubscriber.getSubscribedTopicPartitions(TopicListSubscriber.java:52) ~[flink-connector-kafka-1.17.1.jar:1.17.1]
	at org.apache.flink.connector.kafka.source.enumerator.KafkaSourceEnumerator.getSubscribedTopicPartitions(KafkaSourceEnumerator.java:219) ~[flink-connector-kafka-1.17.1.jar:1.17.1]
	at org.apache.flink.runtime.source.coordinator.ExecutorNotifier.lambda$notifyReadyAsync$2(ExecutorNotifier.java:80) ~[flink-dist-1.17.1.jar:1.17.1]
	... 6 more
Caused by: java.util.concurrent.ExecutionException: org.apache.kafka.common.errors.UnknownTopicOrPartitionException: This server does not host this topic-partition.
	at java.util.concurrent.CompletableFuture.reportGet(Unknown Source) ~[?:?]
	at java.util.concurrent.CompletableFuture.get(Unknown Source) ~[?:?]
	at org.apache.kafka.common.internals.KafkaFutureImpl.get(KafkaFutureImpl.java:165) ~[kafka-clients-3.1.0.jar:?]
	at org.apache.flink.connector.kafka.source.enumerator.subscriber.KafkaSubscriberUtils.getTopicMetadata(KafkaSubscriberUtils.java:44) ~[flink-connector-kafka-1.17.1.jar:1.17.1]
	at org.apache.flink.connector.kafka.source.enumerator.subscriber.TopicListSubscriber.getSubscribedTopicPartitions(TopicListSubscriber.java:52) ~[flink-connector-kafka-1.17.1.jar:1.17.1]
	at org.apache.flink.connector.kafka.source.enumerator.KafkaSourceEnumerator.getSubscribedTopicPartitions(KafkaSourceEnumerator.java:219) ~[flink-connector-kafka-1.17.1.jar:1.17.1]
	at org.apache.flink.runtime.source.coordinator.ExecutorNotifier.lambda$notifyReadyAsync$2(ExecutorNotifier.java:80) ~[flink-dist-1.17.1.jar:1.17.1]
	... 6 more
Caused by: org.apache.kafka.common.errors.UnknownTopicOrPartitionException: This server does not host this topic-partition.
2025-06-22 16:20:40,324 INFO  org.apache.flink.runtime.executiongraph.ExecutionGraph       [] - Job Flink Kafka EventType Forwarder (678cc67b84e87ca334fe4aa9f37e1219) switched from state RUNNING to FAILING.
org.apache.flink.runtime.JobException: Recovery is suppressed by NoRestartBackoffTimeStrategy
	at org.apache.flink.runtime.executiongraph.failover.flip1.ExecutionFailureHandler.handleFailure(ExecutionFailureHandler.java:139) ~[flink-dist-1.17.1.jar:1.17.1]
	at org.apache.flink.runtime.executiongraph.failover.flip1.ExecutionFailureHandler.getGlobalFailureHandlingResult(ExecutionFailureHandler.java:102) ~[flink-dist-1.17.1.jar:1.17.1]
	at org.apache.flink.runtime.scheduler.DefaultScheduler.handleGlobalFailure(DefaultScheduler.java:301) ~[flink-dist-1.17.1.jar:1.17.1]
	at org.apache.flink.runtime.operators.coordination.OperatorCoordinatorHolder$LazyInitializedCoordinatorContext.lambda$failJob$0(OperatorCoordinatorHolder.java:618) ~[flink-dist-1.17.1.jar:1.17.1]
	at org.apache.flink.runtime.rpc.akka.AkkaRpcActor.lambda$handleRunAsync$4(AkkaRpcActor.java:453) ~[flink-rpc-akka_af51ac4a-29ea-4cb0-9c90-4709d0ed13b2.jar:1.17.1]
	at org.apache.flink.runtime.concurrent.akka.ClassLoadingUtils.runWithContextClassLoader(ClassLoadingUtils.java:68) ~[flink-rpc-akka_af51ac4a-29ea-4cb0-9c90-4709d0ed13b2.jar:1.17.1]
	at org.apache.flink.runtime.rpc.akka.AkkaRpcActor.handleRunAsync(AkkaRpcActor.java:453) ~[flink-rpc-akka_af51ac4a-29ea-4cb0-9c90-4709d0ed13b2.jar:1.17.1]
	at org.apache.flink.runtime.rpc.akka.AkkaRpcActor.handleRpcMessage(AkkaRpcActor.java:218) ~[flink-rpc-akka_af51ac4a-29ea-4cb0-9c90-4709d0ed13b2.jar:1.17.1]
	at org.apache.flink.runtime.rpc.akka.FencedAkkaRpcActor.handleRpcMessage(FencedAkkaRpcActor.java:84) ~[flink-rpc-akka_af51ac4a-29ea-4cb0-9c90-4709d0ed13b2.jar:1.17.1]
	at org.apache.flink.runtime.rpc.akka.AkkaRpcActor.handleMessage(AkkaRpcActor.java:168) ~[flink-rpc-akka_af51ac4a-29ea-4cb0-9c90-4709d0ed13b2.jar:1.17.1]
	at akka.japi.pf.UnitCaseStatement.apply(CaseStatements.scala:24) [flink-rpc-akka_af51ac4a-29ea-4cb0-9c90-4709d0ed13b2.jar:1.17.1]
	at akka.japi.pf.UnitCaseStatement.apply(CaseStatements.scala:20) [flink-rpc-akka_af51ac4a-29ea-4cb0-9c90-4709d0ed13b2.jar:1.17.1]
	at scala.PartialFunction.applyOrElse(PartialFunction.scala:127) [flink-rpc-akka_af51ac4a-29ea-4cb0-9c90-4709d0ed13b2.jar:1.17.1]
	at scala.PartialFunction.applyOrElse$(PartialFunction.scala:126) [flink-rpc-akka_af51ac4a-29ea-4cb0-9c90-4709d0ed13b2.jar:1.17.1]
	at akka.japi.pf.UnitCaseStatement.applyOrElse(CaseStatements.scala:20) [flink-rpc-akka_af51ac4a-29ea-4cb0-9c90-4709d0ed13b2.jar:1.17.1]
	at scala.PartialFunction$OrElse.applyOrElse(PartialFunction.scala:175) [flink-rpc-akka_af51ac4a-29ea-4cb0-9c90-4709d0ed13b2.jar:1.17.1]
	at scala.PartialFunction$OrElse.applyOrElse(PartialFunction.scala:176) [flink-rpc-akka_af51ac4a-29ea-4cb0-9c90-4709d0ed13b2.jar:1.17.1]
	at scala.PartialFunction$OrElse.applyOrElse(PartialFunction.scala:176) [flink-rpc-akka_af51ac4a-29ea-4cb0-9c90-4709d0ed13b2.jar:1.17.1]
	at akka.actor.Actor.aroundReceive(Actor.scala:537) [flink-rpc-akka_af51ac4a-29ea-4cb0-9c90-4709d0ed13b2.jar:1.17.1]
	at akka.actor.Actor.aroundReceive$(Actor.scala:535) [flink-rpc-akka_af51ac4a-29ea-4cb0-9c90-4709d0ed13b2.jar:1.17.1]
	at akka.actor.AbstractActor.aroundReceive(AbstractActor.scala:220) [flink-rpc-akka_af51ac4a-29ea-4cb0-9c90-4709d0ed13b2.jar:1.17.1]
	at akka.actor.ActorCell.receiveMessage(ActorCell.scala:579) [flink-rpc-akka_af51ac4a-29ea-4cb0-9c90-4709d0ed13b2.jar:1.17.1]
	at akka.actor.ActorCell.invoke(ActorCell.scala:547) [flink-rpc-akka_af51ac4a-29ea-4cb0-9c90-4709d0ed13b2.jar:1.17.1]
	at akka.dispatch.Mailbox.processMailbox(Mailbox.scala:270) [flink-rpc-akka_af51ac4a-29ea-4cb0-9c90-4709d0ed13b2.jar:1.17.1]
	at akka.dispatch.Mailbox.run(Mailbox.scala:231) [flink-rpc-akka_af51ac4a-29ea-4cb0-9c90-4709d0ed13b2.jar:1.17.1]
	at akka.dispatch.Mailbox.exec(Mailbox.scala:243) [flink-rpc-akka_af51ac4a-29ea-4cb0-9c90-4709d0ed13b2.jar:1.17.1]
	at java.util.concurrent.ForkJoinTask.doExec(Unknown Source) [?:?]
	at java.util.concurrent.ForkJoinPool$WorkQueue.topLevelExec(Unknown Source) [?:?]
	at java.util.concurrent.ForkJoinPool.scan(Unknown Source) [?:?]
	at java.util.concurrent.ForkJoinPool.runWorker(Unknown Source) [?:?]
	at java.util.concurrent.ForkJoinWorkerThread.run(Unknown Source) [?:?]
Caused by: org.apache.flink.util.FlinkException: Global failure triggered by OperatorCoordinator for 'Source: Kafka Source -> Filter -> Filter -> Map -> Filter' (operator cbc357ccb763df2852fee8c4fc7d55f2).
	at org.apache.flink.runtime.operators.coordination.OperatorCoordinatorHolder$LazyInitializedCoordinatorContext.failJob(OperatorCoordinatorHolder.java:600) ~[flink-dist-1.17.1.jar:1.17.1]
	at org.apache.flink.runtime.operators.coordination.RecreateOnResetOperatorCoordinator$QuiesceableContext.failJob(RecreateOnResetOperatorCoordinator.java:237) ~[flink-dist-1.17.1.jar:1.17.1]
	at org.apache.flink.runtime.source.coordinator.SourceCoordinatorContext.failJob(SourceCoordinatorContext.java:374) ~[flink-dist-1.17.1.jar:1.17.1]
	at org.apache.flink.runtime.source.coordinator.SourceCoordinatorContext.handleUncaughtExceptionFromAsyncCall(SourceCoordinatorContext.java:387) ~[flink-dist-1.17.1.jar:1.17.1]
	at org.apache.flink.util.ThrowableCatchingRunnable.run(ThrowableCatchingRunnable.java:42) ~[flink-dist-1.17.1.jar:1.17.1]
	at java.util.concurrent.Executors$RunnableAdapter.call(Unknown Source) ~[?:?]
	at java.util.concurrent.FutureTask.run(Unknown Source) ~[?:?]
	at java.util.concurrent.ScheduledThreadPoolExecutor$ScheduledFutureTask.run(Unknown Source) ~[?:?]
	at java.util.concurrent.ThreadPoolExecutor.runWorker(Unknown Source) ~[?:?]
	at java.util.concurrent.ThreadPoolExecutor$Worker.run(Unknown Source) ~[?:?]
	at java.lang.Thread.run(Unknown Source) ~[?:?]
Caused by: org.apache.flink.util.FlinkRuntimeException: Failed to list subscribed topic partitions due to 
	at org.apache.flink.connector.kafka.source.enumerator.KafkaSourceEnumerator.checkPartitionChanges(KafkaSourceEnumerator.java:234) ~[flink-connector-kafka-1.17.1.jar:1.17.1]
	at org.apache.flink.runtime.source.coordinator.ExecutorNotifier.lambda$null$1(ExecutorNotifier.java:83) ~[flink-dist-1.17.1.jar:1.17.1]
	at org.apache.flink.util.ThrowableCatchingRunnable.run(ThrowableCatchingRunnable.java:40) ~[flink-dist-1.17.1.jar:1.17.1]
	at java.util.concurrent.Executors$RunnableAdapter.call(Unknown Source) ~[?:?]
	at java.util.concurrent.FutureTask.run(Unknown Source) ~[?:?]
	at java.util.concurrent.ScheduledThreadPoolExecutor$ScheduledFutureTask.run(Unknown Source) ~[?:?]
	at java.util.concurrent.ThreadPoolExecutor.runWorker(Unknown Source) ~[?:?]
	at java.util.concurrent.ThreadPoolExecutor$Worker.run(Unknown Source) ~[?:?]
	at java.lang.Thread.run(Unknown Source) ~[?:?]
Caused by: java.lang.RuntimeException: Failed to get metadata for topics [live-events].
	at org.apache.flink.connector.kafka.source.enumerator.subscriber.KafkaSubscriberUtils.getTopicMetadata(KafkaSubscriberUtils.java:47) ~[flink-connector-kafka-1.17.1.jar:1.17.1]
	at org.apache.flink.connector.kafka.source.enumerator.subscriber.TopicListSubscriber.getSubscribedTopicPartitions(TopicListSubscriber.java:52) ~[flink-connector-kafka-1.17.1.jar:1.17.1]
	at org.apache.flink.connector.kafka.source.enumerator.KafkaSourceEnumerator.getSubscribedTopicPartitions(KafkaSourceEnumerator.java:219) ~[flink-connector-kafka-1.17.1.jar:1.17.1]
	at org.apache.flink.runtime.source.coordinator.ExecutorNotifier.lambda$notifyReadyAsync$2(ExecutorNotifier.java:80) ~[flink-dist-1.17.1.jar:1.17.1]
	at java.util.concurrent.Executors$RunnableAdapter.call(Unknown Source) ~[?:?]
	at java.util.concurrent.FutureTask.run(Unknown Source) ~[?:?]
	at java.util.concurrent.ScheduledThreadPoolExecutor$ScheduledFutureTask.run(Unknown Source) ~[?:?]
	at java.util.concurrent.ThreadPoolExecutor.runWorker(Unknown Source) ~[?:?]
	at java.util.concurrent.ThreadPoolExecutor$Worker.run(Unknown Source) ~[?:?]
	at java.lang.Thread.run(Unknown Source) ~[?:?]
Caused by: java.util.concurrent.ExecutionException: org.apache.kafka.common.errors.UnknownTopicOrPartitionException: This server does not host this topic-partition.
	at java.util.concurrent.CompletableFuture.reportGet(Unknown Source) ~[?:?]
	at java.util.concurrent.CompletableFuture.get(Unknown Source) ~[?:?]
	at org.apache.kafka.common.internals.KafkaFutureImpl.get(KafkaFutureImpl.java:165) ~[kafka-clients-3.1.0.jar:?]
	at org.apache.flink.connector.kafka.source.enumerator.subscriber.KafkaSubscriberUtils.getTopicMetadata(KafkaSubscriberUtils.java:44) ~[flink-connector-kafka-1.17.1.jar:1.17.1]
	at org.apache.flink.connector.kafka.source.enumerator.subscriber.TopicListSubscriber.getSubscribedTopicPartitions(TopicListSubscriber.java:52) ~[flink-connector-kafka-1.17.1.jar:1.17.1]
	at org.apache.flink.connector.kafka.source.enumerator.KafkaSourceEnumerator.getSubscribedTopicPartitions(KafkaSourceEnumerator.java:219) ~[flink-connector-kafka-1.17.1.jar:1.17.1]
	at org.apache.flink.runtime.source.coordinator.ExecutorNotifier.lambda$notifyReadyAsync$2(ExecutorNotifier.java:80) ~[flink-dist-1.17.1.jar:1.17.1]
	at java.util.concurrent.Executors$RunnableAdapter.call(Unknown Source) ~[?:?]
	at java.util.concurrent.FutureTask.run(Unknown Source) ~[?:?]
	at java.util.concurrent.ScheduledThreadPoolExecutor$ScheduledFutureTask.run(Unknown Source) ~[?:?]
	at java.util.concurrent.ThreadPoolExecutor.runWorker(Unknown Source) ~[?:?]
	at java.util.concurrent.ThreadPoolExecutor$Worker.run(Unknown Source) ~[?:?]
	at java.lang.Thread.run(Unknown Source) ~[?:?]
Caused by: org.apache.kafka.common.errors.UnknownTopicOrPartitionException: This server does not host this topic-partition.
2025-06-22 16:20:40,328 INFO  org.apache.flink.runtime.executiongraph.ExecutionGraph       [] - Source: Kafka Source -> Filter -> Filter -> Map -> Filter (1/1) (0974aed19b6837f88f35bcc6533fcc7d_cbc357ccb763df2852fee8c4fc7d55f2_0_0) switched from RUNNING to CANCELING.
2025-06-22 16:20:40,330 INFO  org.apache.flink.runtime.executiongraph.ExecutionGraph       [] - TriggerWindow(TumblingProcessingTimeWindows(1000), ListStateDescriptor{name=window-contents, defaultValue=null, serializer=org.apache.flink.api.common.typeutils.base.ListSerializer@2e31f435}, ProcessingTimeTrigger(), AllWindowedStream.main(FlinkEventTypeAggregator.java:51)) -> Sink: Writer -> Sink: Committer (1/1) (0974aed19b6837f88f35bcc6533fcc7d_337adade1e207453ed3502e01d75fd03_0_0) switched from RUNNING to CANCELING.
2025-06-22 16:20:40,407 INFO  org.apache.flink.runtime.executiongraph.ExecutionGraph       [] - Source: Kafka Source -> Filter -> Filter -> Map -> Filter (1/1) (0974aed19b6837f88f35bcc6533fcc7d_cbc357ccb763df2852fee8c4fc7d55f2_0_0) switched from CANCELING to CANCELED.
2025-06-22 16:20:40,410 INFO  org.apache.flink.runtime.executiongraph.ExecutionGraph       [] - TriggerWindow(TumblingProcessingTimeWindows(1000), ListStateDescriptor{name=window-contents, defaultValue=null, serializer=org.apache.flink.api.common.typeutils.base.ListSerializer@2e31f435}, ProcessingTimeTrigger(), AllWindowedStream.main(FlinkEventTypeAggregator.java:51)) -> Sink: Writer -> Sink: Committer (1/1) (0974aed19b6837f88f35bcc6533fcc7d_337adade1e207453ed3502e01d75fd03_0_0) switched from CANCELING to CANCELED.
2025-06-22 16:20:40,415 INFO  org.apache.flink.runtime.resourcemanager.slotmanager.DeclarativeSlotManager [] - Clearing resource requirements of job 678cc67b84e87ca334fe4aa9f37e1219
2025-06-22 16:20:40,413 INFO  org.apache.flink.runtime.executiongraph.ExecutionGraph       [] - Job Flink Kafka EventType Forwarder (678cc67b84e87ca334fe4aa9f37e1219) switched from state FAILING to FAILED.
org.apache.flink.runtime.JobException: Recovery is suppressed by NoRestartBackoffTimeStrategy
	at org.apache.flink.runtime.executiongraph.failover.flip1.ExecutionFailureHandler.handleFailure(ExecutionFailureHandler.java:139) ~[flink-dist-1.17.1.jar:1.17.1]
	at org.apache.flink.runtime.executiongraph.failover.flip1.ExecutionFailureHandler.getGlobalFailureHandlingResult(ExecutionFailureHandler.java:102) ~[flink-dist-1.17.1.jar:1.17.1]
	at org.apache.flink.runtime.scheduler.DefaultScheduler.handleGlobalFailure(DefaultScheduler.java:301) ~[flink-dist-1.17.1.jar:1.17.1]
	at org.apache.flink.runtime.operators.coordination.OperatorCoordinatorHolder$LazyInitializedCoordinatorContext.lambda$failJob$0(OperatorCoordinatorHolder.java:618) ~[flink-dist-1.17.1.jar:1.17.1]
	at org.apache.flink.runtime.rpc.akka.AkkaRpcActor.lambda$handleRunAsync$4(AkkaRpcActor.java:453) ~[flink-rpc-akka_af51ac4a-29ea-4cb0-9c90-4709d0ed13b2.jar:1.17.1]
	at org.apache.flink.runtime.concurrent.akka.ClassLoadingUtils.runWithContextClassLoader(ClassLoadingUtils.java:68) ~[flink-rpc-akka_af51ac4a-29ea-4cb0-9c90-4709d0ed13b2.jar:1.17.1]
	at org.apache.flink.runtime.rpc.akka.AkkaRpcActor.handleRunAsync(AkkaRpcActor.java:453) ~[flink-rpc-akka_af51ac4a-29ea-4cb0-9c90-4709d0ed13b2.jar:1.17.1]
	at org.apache.flink.runtime.rpc.akka.AkkaRpcActor.handleRpcMessage(AkkaRpcActor.java:218) ~[flink-rpc-akka_af51ac4a-29ea-4cb0-9c90-4709d0ed13b2.jar:1.17.1]
	at org.apache.flink.runtime.rpc.akka.FencedAkkaRpcActor.handleRpcMessage(FencedAkkaRpcActor.java:84) ~[flink-rpc-akka_af51ac4a-29ea-4cb0-9c90-4709d0ed13b2.jar:1.17.1]
	at org.apache.flink.runtime.rpc.akka.AkkaRpcActor.handleMessage(AkkaRpcActor.java:168) ~[flink-rpc-akka_af51ac4a-29ea-4cb0-9c90-4709d0ed13b2.jar:1.17.1]
	at akka.japi.pf.UnitCaseStatement.apply(CaseStatements.scala:24) [flink-rpc-akka_af51ac4a-29ea-4cb0-9c90-4709d0ed13b2.jar:1.17.1]
	at akka.japi.pf.UnitCaseStatement.apply(CaseStatements.scala:20) [flink-rpc-akka_af51ac4a-29ea-4cb0-9c90-4709d0ed13b2.jar:1.17.1]
	at scala.PartialFunction.applyOrElse(PartialFunction.scala:127) [flink-rpc-akka_af51ac4a-29ea-4cb0-9c90-4709d0ed13b2.jar:1.17.1]
	at scala.PartialFunction.applyOrElse$(PartialFunction.scala:126) [flink-rpc-akka_af51ac4a-29ea-4cb0-9c90-4709d0ed13b2.jar:1.17.1]
	at akka.japi.pf.UnitCaseStatement.applyOrElse(CaseStatements.scala:20) [flink-rpc-akka_af51ac4a-29ea-4cb0-9c90-4709d0ed13b2.jar:1.17.1]
	at scala.PartialFunction$OrElse.applyOrElse(PartialFunction.scala:175) [flink-rpc-akka_af51ac4a-29ea-4cb0-9c90-4709d0ed13b2.jar:1.17.1]
	at scala.PartialFunction$OrElse.applyOrElse(PartialFunction.scala:176) [flink-rpc-akka_af51ac4a-29ea-4cb0-9c90-4709d0ed13b2.jar:1.17.1]
	at scala.PartialFunction$OrElse.applyOrElse(PartialFunction.scala:176) [flink-rpc-akka_af51ac4a-29ea-4cb0-9c90-4709d0ed13b2.jar:1.17.1]
	at akka.actor.Actor.aroundReceive(Actor.scala:537) [flink-rpc-akka_af51ac4a-29ea-4cb0-9c90-4709d0ed13b2.jar:1.17.1]
	at akka.actor.Actor.aroundReceive$(Actor.scala:535) [flink-rpc-akka_af51ac4a-29ea-4cb0-9c90-4709d0ed13b2.jar:1.17.1]
	at akka.actor.AbstractActor.aroundReceive(AbstractActor.scala:220) [flink-rpc-akka_af51ac4a-29ea-4cb0-9c90-4709d0ed13b2.jar:1.17.1]
	at akka.actor.ActorCell.receiveMessage(ActorCell.scala:579) [flink-rpc-akka_af51ac4a-29ea-4cb0-9c90-4709d0ed13b2.jar:1.17.1]
	at akka.actor.ActorCell.invoke(ActorCell.scala:547) [flink-rpc-akka_af51ac4a-29ea-4cb0-9c90-4709d0ed13b2.jar:1.17.1]
	at akka.dispatch.Mailbox.processMailbox(Mailbox.scala:270) [flink-rpc-akka_af51ac4a-29ea-4cb0-9c90-4709d0ed13b2.jar:1.17.1]
	at akka.dispatch.Mailbox.run(Mailbox.scala:231) [flink-rpc-akka_af51ac4a-29ea-4cb0-9c90-4709d0ed13b2.jar:1.17.1]
	at akka.dispatch.Mailbox.exec(Mailbox.scala:243) [flink-rpc-akka_af51ac4a-29ea-4cb0-9c90-4709d0ed13b2.jar:1.17.1]
	at java.util.concurrent.ForkJoinTask.doExec(Unknown Source) [?:?]
	at java.util.concurrent.ForkJoinPool$WorkQueue.topLevelExec(Unknown Source) [?:?]
	at java.util.concurrent.ForkJoinPool.scan(Unknown Source) [?:?]
	at java.util.concurrent.ForkJoinPool.runWorker(Unknown Source) [?:?]
	at java.util.concurrent.ForkJoinWorkerThread.run(Unknown Source) [?:?]
Caused by: org.apache.flink.util.FlinkException: Global failure triggered by OperatorCoordinator for 'Source: Kafka Source -> Filter -> Filter -> Map -> Filter' (operator cbc357ccb763df2852fee8c4fc7d55f2).
	at org.apache.flink.runtime.operators.coordination.OperatorCoordinatorHolder$LazyInitializedCoordinatorContext.failJob(OperatorCoordinatorHolder.java:600) ~[flink-dist-1.17.1.jar:1.17.1]
	at org.apache.flink.runtime.operators.coordination.RecreateOnResetOperatorCoordinator$QuiesceableContext.failJob(RecreateOnResetOperatorCoordinator.java:237) ~[flink-dist-1.17.1.jar:1.17.1]
	at org.apache.flink.runtime.source.coordinator.SourceCoordinatorContext.failJob(SourceCoordinatorContext.java:374) ~[flink-dist-1.17.1.jar:1.17.1]
	at org.apache.flink.runtime.source.coordinator.SourceCoordinatorContext.handleUncaughtExceptionFromAsyncCall(SourceCoordinatorContext.java:387) ~[flink-dist-1.17.1.jar:1.17.1]
	at org.apache.flink.util.ThrowableCatchingRunnable.run(ThrowableCatchingRunnable.java:42) ~[flink-dist-1.17.1.jar:1.17.1]
	at java.util.concurrent.Executors$RunnableAdapter.call(Unknown Source) ~[?:?]
	at java.util.concurrent.FutureTask.run(Unknown Source) ~[?:?]
	at java.util.concurrent.ScheduledThreadPoolExecutor$ScheduledFutureTask.run(Unknown Source) ~[?:?]
	at java.util.concurrent.ThreadPoolExecutor.runWorker(Unknown Source) ~[?:?]
	at java.util.concurrent.ThreadPoolExecutor$Worker.run(Unknown Source) ~[?:?]
	at java.lang.Thread.run(Unknown Source) ~[?:?]
Caused by: org.apache.flink.util.FlinkRuntimeException: Failed to list subscribed topic partitions due to 
	at org.apache.flink.connector.kafka.source.enumerator.KafkaSourceEnumerator.checkPartitionChanges(KafkaSourceEnumerator.java:234) ~[flink-connector-kafka-1.17.1.jar:1.17.1]
	at org.apache.flink.runtime.source.coordinator.ExecutorNotifier.lambda$null$1(ExecutorNotifier.java:83) ~[flink-dist-1.17.1.jar:1.17.1]
	at org.apache.flink.util.ThrowableCatchingRunnable.run(ThrowableCatchingRunnable.java:40) ~[flink-dist-1.17.1.jar:1.17.1]
	at java.util.concurrent.Executors$RunnableAdapter.call(Unknown Source) ~[?:?]
	at java.util.concurrent.FutureTask.run(Unknown Source) ~[?:?]
	at java.util.concurrent.ScheduledThreadPoolExecutor$ScheduledFutureTask.run(Unknown Source) ~[?:?]
	at java.util.concurrent.ThreadPoolExecutor.runWorker(Unknown Source) ~[?:?]
	at java.util.concurrent.ThreadPoolExecutor$Worker.run(Unknown Source) ~[?:?]
	at java.lang.Thread.run(Unknown Source) ~[?:?]
Caused by: java.lang.RuntimeException: Failed to get metadata for topics [live-events].
	at org.apache.flink.connector.kafka.source.enumerator.subscriber.KafkaSubscriberUtils.getTopicMetadata(KafkaSubscriberUtils.java:47) ~[flink-connector-kafka-1.17.1.jar:1.17.1]
	at org.apache.flink.connector.kafka.source.enumerator.subscriber.TopicListSubscriber.getSubscribedTopicPartitions(TopicListSubscriber.java:52) ~[flink-connector-kafka-1.17.1.jar:1.17.1]
	at org.apache.flink.connector.kafka.source.enumerator.KafkaSourceEnumerator.getSubscribedTopicPartitions(KafkaSourceEnumerator.java:219) ~[flink-connector-kafka-1.17.1.jar:1.17.1]
	at org.apache.flink.runtime.source.coordinator.ExecutorNotifier.lambda$notifyReadyAsync$2(ExecutorNotifier.java:80) ~[flink-dist-1.17.1.jar:1.17.1]
	at java.util.concurrent.Executors$RunnableAdapter.call(Unknown Source) ~[?:?]
	at java.util.concurrent.FutureTask.run(Unknown Source) ~[?:?]
	at java.util.concurrent.ScheduledThreadPoolExecutor$ScheduledFutureTask.run(Unknown Source) ~[?:?]
	at java.util.concurrent.ThreadPoolExecutor.runWorker(Unknown Source) ~[?:?]
	at java.util.concurrent.ThreadPoolExecutor$Worker.run(Unknown Source) ~[?:?]
	at java.lang.Thread.run(Unknown Source) ~[?:?]
Caused by: java.util.concurrent.ExecutionException: org.apache.kafka.common.errors.UnknownTopicOrPartitionException: This server does not host this topic-partition.
	at java.util.concurrent.CompletableFuture.reportGet(Unknown Source) ~[?:?]
	at java.util.concurrent.CompletableFuture.get(Unknown Source) ~[?:?]
	at org.apache.kafka.common.internals.KafkaFutureImpl.get(KafkaFutureImpl.java:165) ~[kafka-clients-3.1.0.jar:?]
	at org.apache.flink.connector.kafka.source.enumerator.subscriber.KafkaSubscriberUtils.getTopicMetadata(KafkaSubscriberUtils.java:44) ~[flink-connector-kafka-1.17.1.jar:1.17.1]
	at org.apache.flink.connector.kafka.source.enumerator.subscriber.TopicListSubscriber.getSubscribedTopicPartitions(TopicListSubscriber.java:52) ~[flink-connector-kafka-1.17.1.jar:1.17.1]
	at org.apache.flink.connector.kafka.source.enumerator.KafkaSourceEnumerator.getSubscribedTopicPartitions(KafkaSourceEnumerator.java:219) ~[flink-connector-kafka-1.17.1.jar:1.17.1]
	at org.apache.flink.runtime.source.coordinator.ExecutorNotifier.lambda$notifyReadyAsync$2(ExecutorNotifier.java:80) ~[flink-dist-1.17.1.jar:1.17.1]
	at java.util.concurrent.Executors$RunnableAdapter.call(Unknown Source) ~[?:?]
	at java.util.concurrent.FutureTask.run(Unknown Source) ~[?:?]
	at java.util.concurrent.ScheduledThreadPoolExecutor$ScheduledFutureTask.run(Unknown Source) ~[?:?]
	at java.util.concurrent.ThreadPoolExecutor.runWorker(Unknown Source) ~[?:?]
	at java.util.concurrent.ThreadPoolExecutor$Worker.run(Unknown Source) ~[?:?]
	at java.lang.Thread.run(Unknown Source) ~[?:?]
Caused by: org.apache.kafka.common.errors.UnknownTopicOrPartitionException: This server does not host this topic-partition.
2025-06-22 16:20:40,415 INFO  org.apache.flink.runtime.checkpoint.CheckpointCoordinator    [] - Stopping checkpoint coordinator for job 678cc67b84e87ca334fe4aa9f37e1219.
2025-06-22 16:20:40,426 INFO  org.apache.flink.runtime.dispatcher.StandaloneDispatcher     [] - Job 678cc67b84e87ca334fe4aa9f37e1219 reached terminal state FAILED.
org.apache.flink.runtime.JobException: Recovery is suppressed by NoRestartBackoffTimeStrategy
	at org.apache.flink.runtime.executiongraph.failover.flip1.ExecutionFailureHandler.handleFailure(ExecutionFailureHandler.java:139)
	at org.apache.flink.runtime.executiongraph.failover.flip1.ExecutionFailureHandler.getGlobalFailureHandlingResult(ExecutionFailureHandler.java:102)
	at org.apache.flink.runtime.scheduler.DefaultScheduler.handleGlobalFailure(DefaultScheduler.java:301)
	at org.apache.flink.runtime.operators.coordination.OperatorCoordinatorHolder$LazyInitializedCoordinatorContext.lambda$failJob$0(OperatorCoordinatorHolder.java:618)
	at org.apache.flink.runtime.rpc.akka.AkkaRpcActor.lambda$handleRunAsync$4(AkkaRpcActor.java:453)
	at org.apache.flink.runtime.concurrent.akka.ClassLoadingUtils.runWithContextClassLoader(ClassLoadingUtils.java:68)
	at org.apache.flink.runtime.rpc.akka.AkkaRpcActor.handleRunAsync(AkkaRpcActor.java:453)
	at org.apache.flink.runtime.rpc.akka.AkkaRpcActor.handleRpcMessage(AkkaRpcActor.java:218)
	at org.apache.flink.runtime.rpc.akka.FencedAkkaRpcActor.handleRpcMessage(FencedAkkaRpcActor.java:84)
	at org.apache.flink.runtime.rpc.akka.AkkaRpcActor.handleMessage(AkkaRpcActor.java:168)
	at akka.japi.pf.UnitCaseStatement.apply(CaseStatements.scala:24)
	at akka.japi.pf.UnitCaseStatement.apply(CaseStatements.scala:20)
	at scala.PartialFunction.applyOrElse(PartialFunction.scala:127)
	at scala.PartialFunction.applyOrElse$(PartialFunction.scala:126)
	at akka.japi.pf.UnitCaseStatement.applyOrElse(CaseStatements.scala:20)
	at scala.PartialFunction$OrElse.applyOrElse(PartialFunction.scala:175)
	at scala.PartialFunction$OrElse.applyOrElse(PartialFunction.scala:176)
	at scala.PartialFunction$OrElse.applyOrElse(PartialFunction.scala:176)
	at akka.actor.Actor.aroundReceive(Actor.scala:537)
	at akka.actor.Actor.aroundReceive$(Actor.scala:535)
	at akka.actor.AbstractActor.aroundReceive(AbstractActor.scala:220)
	at akka.actor.ActorCell.receiveMessage(ActorCell.scala:579)
	at akka.actor.ActorCell.invoke(ActorCell.scala:547)
	at akka.dispatch.Mailbox.processMailbox(Mailbox.scala:270)
	at akka.dispatch.Mailbox.run(Mailbox.scala:231)
	at akka.dispatch.Mailbox.exec(Mailbox.scala:243)
	at java.base/java.util.concurrent.ForkJoinTask.doExec(Unknown Source)
	at java.base/java.util.concurrent.ForkJoinPool$WorkQueue.topLevelExec(Unknown Source)
	at java.base/java.util.concurrent.ForkJoinPool.scan(Unknown Source)
	at java.base/java.util.concurrent.ForkJoinPool.runWorker(Unknown Source)
	at java.base/java.util.concurrent.ForkJoinWorkerThread.run(Unknown Source)
Caused by: org.apache.flink.util.FlinkException: Global failure triggered by OperatorCoordinator for 'Source: Kafka Source -> Filter -> Filter -> Map -> Filter' (operator cbc357ccb763df2852fee8c4fc7d55f2).
	at org.apache.flink.runtime.operators.coordination.OperatorCoordinatorHolder$LazyInitializedCoordinatorContext.failJob(OperatorCoordinatorHolder.java:600)
	at org.apache.flink.runtime.operators.coordination.RecreateOnResetOperatorCoordinator$QuiesceableContext.failJob(RecreateOnResetOperatorCoordinator.java:237)
	at org.apache.flink.runtime.source.coordinator.SourceCoordinatorContext.failJob(SourceCoordinatorContext.java:374)
	at org.apache.flink.runtime.source.coordinator.SourceCoordinatorContext.handleUncaughtExceptionFromAsyncCall(SourceCoordinatorContext.java:387)
	at org.apache.flink.util.ThrowableCatchingRunnable.run(ThrowableCatchingRunnable.java:42)
	at java.base/java.util.concurrent.Executors$RunnableAdapter.call(Unknown Source)
	at java.base/java.util.concurrent.FutureTask.run(Unknown Source)
	at java.base/java.util.concurrent.ScheduledThreadPoolExecutor$ScheduledFutureTask.run(Unknown Source)
	at java.base/java.util.concurrent.ThreadPoolExecutor.runWorker(Unknown Source)
	at java.base/java.util.concurrent.ThreadPoolExecutor$Worker.run(Unknown Source)
	at java.base/java.lang.Thread.run(Unknown Source)
Caused by: org.apache.flink.util.FlinkRuntimeException: Failed to list subscribed topic partitions due to 
	at org.apache.flink.connector.kafka.source.enumerator.KafkaSourceEnumerator.checkPartitionChanges(KafkaSourceEnumerator.java:234)
	at org.apache.flink.runtime.source.coordinator.ExecutorNotifier.lambda$null$1(ExecutorNotifier.java:83)
	at org.apache.flink.util.ThrowableCatchingRunnable.run(ThrowableCatchingRunnable.java:40)
	... 6 more
Caused by: java.lang.RuntimeException: Failed to get metadata for topics [live-events].
	at org.apache.flink.connector.kafka.source.enumerator.subscriber.KafkaSubscriberUtils.getTopicMetadata(KafkaSubscriberUtils.java:47)
	at org.apache.flink.connector.kafka.source.enumerator.subscriber.TopicListSubscriber.getSubscribedTopicPartitions(TopicListSubscriber.java:52)
	at org.apache.flink.connector.kafka.source.enumerator.KafkaSourceEnumerator.getSubscribedTopicPartitions(KafkaSourceEnumerator.java:219)
	at org.apache.flink.runtime.source.coordinator.ExecutorNotifier.lambda$notifyReadyAsync$2(ExecutorNotifier.java:80)
	... 6 more
Caused by: java.util.concurrent.ExecutionException: org.apache.kafka.common.errors.UnknownTopicOrPartitionException: This server does not host this topic-partition.
	at java.base/java.util.concurrent.CompletableFuture.reportGet(Unknown Source)
	at java.base/java.util.concurrent.CompletableFuture.get(Unknown Source)
	at org.apache.kafka.common.internals.KafkaFutureImpl.get(KafkaFutureImpl.java:165)
	at org.apache.flink.connector.kafka.source.enumerator.subscriber.KafkaSubscriberUtils.getTopicMetadata(KafkaSubscriberUtils.java:44)
	... 9 more
Caused by: org.apache.kafka.common.errors.UnknownTopicOrPartitionException: This server does not host this topic-partition.
2025-06-22 16:20:40,443 INFO  org.apache.flink.runtime.dispatcher.StandaloneDispatcher     [] - Job 678cc67b84e87ca334fe4aa9f37e1219 has been registered for cleanup in the JobResultStore after reaching a terminal state.
2025-06-22 16:20:40,446 INFO  org.apache.flink.runtime.jobmaster.JobMaster                 [] - Stopping the JobMaster for job 'Flink Kafka EventType Forwarder' (678cc67b84e87ca334fe4aa9f37e1219).
2025-06-22 16:20:40,453 INFO  org.apache.flink.runtime.source.coordinator.SourceCoordinator [] - Closing SourceCoordinator for source Source: Kafka Source.
2025-06-22 16:20:40,456 INFO  org.apache.kafka.common.utils.AppInfoParser                  [] - App info kafka.admin.client for flink-eventtype-forwarder-group-enumerator-admin-client unregistered
2025-06-22 16:20:40,457 INFO  org.apache.flink.runtime.checkpoint.StandaloneCompletedCheckpointStore [] - Shutting down
2025-06-22 16:20:40,457 INFO  org.apache.flink.runtime.jobmaster.JobMaster                 [] - Disconnect TaskExecutor 172.19.0.6:32773-6dfc2a because: Stopping JobMaster for job 'Flink Kafka EventType Forwarder' (678cc67b84e87ca334fe4aa9f37e1219).
2025-06-22 16:20:40,457 INFO  org.apache.flink.runtime.jobmaster.slotpool.DefaultDeclarativeSlotPool [] - Releasing slot [13485294f168c9cb932b081842f7e8e1].
2025-06-22 16:20:40,458 INFO  org.apache.flink.runtime.jobmaster.JobMaster                 [] - Close ResourceManager connection edb035d469c8b73794322a8189c1e2b2: Stopping JobMaster for job 'Flink Kafka EventType Forwarder' (678cc67b84e87ca334fe4aa9f37e1219).
2025-06-22 16:20:40,460 INFO  org.apache.flink.runtime.resourcemanager.StandaloneResourceManager [] - Disconnect job manager 00000000000000000000000000000000@akka.tcp://flink@jobmanager:6123/user/rpc/jobmanager_2 for job 678cc67b84e87ca334fe4aa9f37e1219 from the resource manager.
2025-06-22 16:20:40,463 INFO  org.apache.kafka.common.metrics.Metrics                      [] - Metrics scheduler closed
2025-06-22 16:20:40,463 INFO  org.apache.kafka.common.metrics.Metrics                      [] - Closing reporter org.apache.kafka.common.metrics.JmxReporter
2025-06-22 16:20:40,463 INFO  org.apache.kafka.common.metrics.Metrics                      [] - Metrics reporters closed
2025-06-22 16:20:40,463 INFO  org.apache.flink.runtime.source.coordinator.SourceCoordinator [] - Source coordinator for source Source: Kafka Source closed.
2025-06-22 19:01:28,417 INFO  org.apache.flink.runtime.dispatcher.StandaloneDispatcher     [] - Received JobGraph submission 'Flink Kafka EventType Forwarder' (c7669f9c580a46c731ac4cbe7778fe09).
2025-06-22 19:01:28,418 INFO  org.apache.flink.runtime.dispatcher.StandaloneDispatcher     [] - Submitting job 'Flink Kafka EventType Forwarder' (c7669f9c580a46c731ac4cbe7778fe09).
2025-06-22 19:01:28,419 INFO  org.apache.flink.runtime.jobmaster.JobMasterServiceLeadershipRunner [] - JobMasterServiceLeadershipRunner for job c7669f9c580a46c731ac4cbe7778fe09 was granted leadership with leader id 00000000-0000-0000-0000-000000000000. Creating new JobMasterServiceProcess.
2025-06-22 19:01:28,429 INFO  org.apache.flink.runtime.rpc.akka.AkkaRpcService             [] - Starting RPC endpoint for org.apache.flink.runtime.jobmaster.JobMaster at akka://flink/user/rpc/jobmanager_3 .
2025-06-22 19:01:28,431 INFO  org.apache.flink.runtime.jobmaster.JobMaster                 [] - Initializing job 'Flink Kafka EventType Forwarder' (c7669f9c580a46c731ac4cbe7778fe09).
2025-06-22 19:01:28,432 INFO  org.apache.flink.runtime.jobmaster.JobMaster                 [] - Using restart back off time strategy NoRestartBackoffTimeStrategy for Flink Kafka EventType Forwarder (c7669f9c580a46c731ac4cbe7778fe09).
2025-06-22 19:01:28,433 INFO  org.apache.flink.runtime.executiongraph.ExecutionGraph       [] - Created execution graph ddc2e2eaf9ef1c23aa5c5b88a03414b1 for job c7669f9c580a46c731ac4cbe7778fe09.
2025-06-22 19:01:28,433 INFO  org.apache.flink.runtime.jobmaster.JobMaster                 [] - Running initialization on master for job Flink Kafka EventType Forwarder (c7669f9c580a46c731ac4cbe7778fe09).
2025-06-22 19:01:28,433 INFO  org.apache.flink.runtime.jobmaster.JobMaster                 [] - Successfully ran initialization on master in 0 ms.
2025-06-22 19:01:28,447 INFO  org.apache.flink.runtime.scheduler.adapter.DefaultExecutionTopology [] - Built 1 new pipelined regions in 0 ms, total 1 pipelined regions currently.
2025-06-22 19:01:28,447 INFO  org.apache.flink.runtime.jobmaster.JobMaster                 [] - No state backend has been configured, using default (HashMap) org.apache.flink.runtime.state.hashmap.HashMapStateBackend@6e4192e8
2025-06-22 19:01:28,447 INFO  org.apache.flink.runtime.state.StateBackendLoader            [] - State backend loader loads the state backend as HashMapStateBackend
2025-06-22 19:01:28,448 INFO  org.apache.flink.runtime.jobmaster.JobMaster                 [] - Checkpoint storage is set to 'jobmanager'
2025-06-22 19:01:28,448 INFO  org.apache.flink.runtime.checkpoint.CheckpointCoordinator    [] - No checkpoint found during restore.
2025-06-22 19:01:28,449 INFO  org.apache.flink.runtime.jobmaster.JobMaster                 [] - Using failover strategy org.apache.flink.runtime.executiongraph.failover.flip1.RestartPipelinedRegionFailoverStrategy@535abe4d for Flink Kafka EventType Forwarder (c7669f9c580a46c731ac4cbe7778fe09).
2025-06-22 19:01:28,451 INFO  org.apache.flink.runtime.jobmaster.JobMaster                 [] - Starting execution of job 'Flink Kafka EventType Forwarder' (c7669f9c580a46c731ac4cbe7778fe09) under job master id 00000000000000000000000000000000.
2025-06-22 19:01:28,451 INFO  org.apache.flink.runtime.source.coordinator.SourceCoordinator [] - Starting split enumerator for source Source: Kafka Source.
2025-06-22 19:01:28,452 INFO  org.apache.flink.runtime.jobmaster.JobMaster                 [] - Starting scheduling with scheduling strategy [org.apache.flink.runtime.scheduler.strategy.PipelinedRegionSchedulingStrategy]
2025-06-22 19:01:28,452 INFO  org.apache.flink.runtime.executiongraph.ExecutionGraph       [] - Job Flink Kafka EventType Forwarder (c7669f9c580a46c731ac4cbe7778fe09) switched from state CREATED to RUNNING.
2025-06-22 19:01:28,452 INFO  org.apache.flink.runtime.executiongraph.ExecutionGraph       [] - Source: Kafka Source -> Filter -> Filter -> Map -> Filter (1/1) (ddc2e2eaf9ef1c23aa5c5b88a03414b1_cbc357ccb763df2852fee8c4fc7d55f2_0_0) switched from CREATED to SCHEDULED.
2025-06-22 19:01:28,452 INFO  org.apache.flink.runtime.executiongraph.ExecutionGraph       [] - TriggerWindow(TumblingProcessingTimeWindows(1000), ListStateDescriptor{name=window-contents, defaultValue=null, serializer=org.apache.flink.api.common.typeutils.base.ListSerializer@2e31f435}, ProcessingTimeTrigger(), AllWindowedStream.main(FlinkEventTypeAggregator.java:51)) -> Sink: Writer -> Sink: Committer (1/1) (ddc2e2eaf9ef1c23aa5c5b88a03414b1_337adade1e207453ed3502e01d75fd03_0_0) switched from CREATED to SCHEDULED.
2025-06-22 19:01:28,452 INFO  org.apache.kafka.clients.admin.AdminClientConfig             [] - AdminClientConfig values: 
	bootstrap.servers = [kafka:29092]
	client.dns.lookup = use_all_dns_ips
	client.id = flink-eventtype-forwarder-group-enumerator-admin-client
	connections.max.idle.ms = 300000
	default.api.timeout.ms = 60000
	metadata.max.age.ms = 300000
	metric.reporters = []
	metrics.num.samples = 2
	metrics.recording.level = INFO
	metrics.sample.window.ms = 30000
	receive.buffer.bytes = 65536
	reconnect.backoff.max.ms = 1000
	reconnect.backoff.ms = 50
	request.timeout.ms = 30000
	retries = 2147483647
	retry.backoff.ms = 100
	sasl.client.callback.handler.class = null
	sasl.jaas.config = null
	sasl.kerberos.kinit.cmd = /usr/bin/kinit
	sasl.kerberos.min.time.before.relogin = 60000
	sasl.kerberos.service.name = null
	sasl.kerberos.ticket.renew.jitter = 0.05
	sasl.kerberos.ticket.renew.window.factor = 0.8
	sasl.login.callback.handler.class = null
	sasl.login.class = null
	sasl.login.connect.timeout.ms = null
	sasl.login.read.timeout.ms = null
	sasl.login.refresh.buffer.seconds = 300
	sasl.login.refresh.min.period.seconds = 60
	sasl.login.refresh.window.factor = 0.8
	sasl.login.refresh.window.jitter = 0.05
	sasl.login.retry.backoff.max.ms = 10000
	sasl.login.retry.backoff.ms = 100
	sasl.mechanism = GSSAPI
	sasl.oauthbearer.clock.skew.seconds = 30
	sasl.oauthbearer.expected.audience = null
	sasl.oauthbearer.expected.issuer = null
	sasl.oauthbearer.jwks.endpoint.refresh.ms = 3600000
	sasl.oauthbearer.jwks.endpoint.retry.backoff.max.ms = 10000
	sasl.oauthbearer.jwks.endpoint.retry.backoff.ms = 100
	sasl.oauthbearer.jwks.endpoint.url = null
	sasl.oauthbearer.scope.claim.name = scope
	sasl.oauthbearer.sub.claim.name = sub
	sasl.oauthbearer.token.endpoint.url = null
	security.protocol = PLAINTEXT
	security.providers = null
	send.buffer.bytes = 131072
	socket.connection.setup.timeout.max.ms = 30000
	socket.connection.setup.timeout.ms = 10000
	ssl.cipher.suites = null
	ssl.enabled.protocols = [TLSv1.2, TLSv1.3]
	ssl.endpoint.identification.algorithm = https
	ssl.engine.factory.class = null
	ssl.key.password = null
	ssl.keymanager.algorithm = SunX509
	ssl.keystore.certificate.chain = null
	ssl.keystore.key = null
	ssl.keystore.location = null
	ssl.keystore.password = null
	ssl.keystore.type = JKS
	ssl.protocol = TLSv1.3
	ssl.provider = null
	ssl.secure.random.implementation = null
	ssl.trustmanager.algorithm = PKIX
	ssl.truststore.certificates = null
	ssl.truststore.location = null
	ssl.truststore.password = null
	ssl.truststore.type = JKS

2025-06-22 19:01:28,453 INFO  org.apache.flink.runtime.jobmaster.JobMaster                 [] - Connecting to ResourceManager akka.tcp://flink@jobmanager:6123/user/rpc/resourcemanager_*(00000000000000000000000000000000)
2025-06-22 19:01:28,455 INFO  org.apache.flink.runtime.jobmaster.JobMaster                 [] - Resolved ResourceManager address, beginning registration
2025-06-22 19:01:28,455 INFO  org.apache.flink.runtime.resourcemanager.StandaloneResourceManager [] - Registering job manager 00000000000000000000000000000000@akka.tcp://flink@jobmanager:6123/user/rpc/jobmanager_3 for job c7669f9c580a46c731ac4cbe7778fe09.
2025-06-22 19:01:28,457 INFO  org.apache.flink.runtime.resourcemanager.StandaloneResourceManager [] - Registered job manager 00000000000000000000000000000000@akka.tcp://flink@jobmanager:6123/user/rpc/jobmanager_3 for job c7669f9c580a46c731ac4cbe7778fe09.
2025-06-22 19:01:28,458 INFO  org.apache.flink.runtime.jobmaster.JobMaster                 [] - JobManager successfully registered at ResourceManager, leader id: 00000000000000000000000000000000.
2025-06-22 19:01:28,458 INFO  org.apache.flink.runtime.resourcemanager.slotmanager.DeclarativeSlotManager [] - Received resource requirements from job c7669f9c580a46c731ac4cbe7778fe09: [ResourceRequirement{resourceProfile=ResourceProfile{UNKNOWN}, numberOfRequiredSlots=1}]
2025-06-22 19:01:28,468 WARN  org.apache.kafka.clients.admin.AdminClientConfig             [] - The configuration 'key.deserializer' was supplied but isn't a known config.
2025-06-22 19:01:28,468 WARN  org.apache.kafka.clients.admin.AdminClientConfig             [] - The configuration 'value.deserializer' was supplied but isn't a known config.
2025-06-22 19:01:28,468 WARN  org.apache.kafka.clients.admin.AdminClientConfig             [] - The configuration 'enable.auto.commit' was supplied but isn't a known config.
2025-06-22 19:01:28,468 WARN  org.apache.kafka.clients.admin.AdminClientConfig             [] - The configuration 'client.id.prefix' was supplied but isn't a known config.
2025-06-22 19:01:28,468 WARN  org.apache.kafka.clients.admin.AdminClientConfig             [] - The configuration 'group.id' was supplied but isn't a known config.
2025-06-22 19:01:28,468 WARN  org.apache.kafka.clients.admin.AdminClientConfig             [] - The configuration 'partition.discovery.interval.ms' was supplied but isn't a known config.
2025-06-22 19:01:28,469 WARN  org.apache.kafka.clients.admin.AdminClientConfig             [] - The configuration 'auto.offset.reset' was supplied but isn't a known config.
2025-06-22 19:01:28,469 INFO  org.apache.kafka.common.utils.AppInfoParser                  [] - Kafka version: 3.1.0
2025-06-22 19:01:28,469 INFO  org.apache.kafka.common.utils.AppInfoParser                  [] - Kafka commitId: 37edeed0777bacb3
2025-06-22 19:01:28,469 INFO  org.apache.kafka.common.utils.AppInfoParser                  [] - Kafka startTimeMs: 1750618888469
2025-06-22 19:01:28,473 INFO  org.apache.flink.connector.kafka.source.enumerator.KafkaSourceEnumerator [] - Starting the KafkaSourceEnumerator for consumer group flink-eventtype-forwarder-group without periodic partition discovery.
2025-06-22 19:01:28,497 INFO  org.apache.flink.connector.kafka.source.enumerator.KafkaSourceEnumerator [] - Discovered new partitions: [live-events-0]
2025-06-22 19:01:28,571 INFO  org.apache.flink.runtime.executiongraph.ExecutionGraph       [] - Source: Kafka Source -> Filter -> Filter -> Map -> Filter (1/1) (ddc2e2eaf9ef1c23aa5c5b88a03414b1_cbc357ccb763df2852fee8c4fc7d55f2_0_0) switched from SCHEDULED to DEPLOYING.
2025-06-22 19:01:28,572 INFO  org.apache.flink.runtime.executiongraph.ExecutionGraph       [] - Deploying Source: Kafka Source -> Filter -> Filter -> Map -> Filter (1/1) (attempt #0) with attempt id ddc2e2eaf9ef1c23aa5c5b88a03414b1_cbc357ccb763df2852fee8c4fc7d55f2_0_0 and vertex id cbc357ccb763df2852fee8c4fc7d55f2_0 to 172.19.0.6:32773-6dfc2a @ taskmanager.movie_liveroom_appnet (dataPort=44929) with allocation id 4c6e5a1f4b9a4229c238654898771d00
2025-06-22 19:01:28,573 INFO  org.apache.flink.runtime.executiongraph.ExecutionGraph       [] - TriggerWindow(TumblingProcessingTimeWindows(1000), ListStateDescriptor{name=window-contents, defaultValue=null, serializer=org.apache.flink.api.common.typeutils.base.ListSerializer@2e31f435}, ProcessingTimeTrigger(), AllWindowedStream.main(FlinkEventTypeAggregator.java:51)) -> Sink: Writer -> Sink: Committer (1/1) (ddc2e2eaf9ef1c23aa5c5b88a03414b1_337adade1e207453ed3502e01d75fd03_0_0) switched from SCHEDULED to DEPLOYING.
2025-06-22 19:01:28,573 INFO  org.apache.flink.runtime.executiongraph.ExecutionGraph       [] - Deploying TriggerWindow(TumblingProcessingTimeWindows(1000), ListStateDescriptor{name=window-contents, defaultValue=null, serializer=org.apache.flink.api.common.typeutils.base.ListSerializer@2e31f435}, ProcessingTimeTrigger(), AllWindowedStream.main(FlinkEventTypeAggregator.java:51)) -> Sink: Writer -> Sink: Committer (1/1) (attempt #0) with attempt id ddc2e2eaf9ef1c23aa5c5b88a03414b1_337adade1e207453ed3502e01d75fd03_0_0 and vertex id 337adade1e207453ed3502e01d75fd03_0 to 172.19.0.6:32773-6dfc2a @ taskmanager.movie_liveroom_appnet (dataPort=44929) with allocation id 4c6e5a1f4b9a4229c238654898771d00
2025-06-22 19:01:28,593 INFO  org.apache.flink.runtime.executiongraph.ExecutionGraph       [] - TriggerWindow(TumblingProcessingTimeWindows(1000), ListStateDescriptor{name=window-contents, defaultValue=null, serializer=org.apache.flink.api.common.typeutils.base.ListSerializer@2e31f435}, ProcessingTimeTrigger(), AllWindowedStream.main(FlinkEventTypeAggregator.java:51)) -> Sink: Writer -> Sink: Committer (1/1) (ddc2e2eaf9ef1c23aa5c5b88a03414b1_337adade1e207453ed3502e01d75fd03_0_0) switched from DEPLOYING to INITIALIZING.
2025-06-22 19:01:28,595 INFO  org.apache.flink.runtime.executiongraph.ExecutionGraph       [] - Source: Kafka Source -> Filter -> Filter -> Map -> Filter (1/1) (ddc2e2eaf9ef1c23aa5c5b88a03414b1_cbc357ccb763df2852fee8c4fc7d55f2_0_0) switched from DEPLOYING to INITIALIZING.
2025-06-22 19:01:28,606 INFO  org.apache.flink.runtime.source.coordinator.SourceCoordinator [] - Source Source: Kafka Source registering reader for parallel task 0 (#0) @ 172.19.0.6
2025-06-22 19:01:28,608 INFO  org.apache.flink.connector.kafka.source.enumerator.KafkaSourceEnumerator [] - Assigning splits to readers {0=[[Partition: live-events-0, StartingOffset: -2, StoppingOffset: -9223372036854775808]]}
2025-06-22 19:01:28,608 INFO  org.apache.flink.runtime.executiongraph.ExecutionGraph       [] - Source: Kafka Source -> Filter -> Filter -> Map -> Filter (1/1) (ddc2e2eaf9ef1c23aa5c5b88a03414b1_cbc357ccb763df2852fee8c4fc7d55f2_0_0) switched from INITIALIZING to RUNNING.
2025-06-22 19:01:28,625 INFO  org.apache.flink.runtime.executiongraph.ExecutionGraph       [] - TriggerWindow(TumblingProcessingTimeWindows(1000), ListStateDescriptor{name=window-contents, defaultValue=null, serializer=org.apache.flink.api.common.typeutils.base.ListSerializer@2e31f435}, ProcessingTimeTrigger(), AllWindowedStream.main(FlinkEventTypeAggregator.java:51)) -> Sink: Writer -> Sink: Committer (1/1) (ddc2e2eaf9ef1c23aa5c5b88a03414b1_337adade1e207453ed3502e01d75fd03_0_0) switched from INITIALIZING to RUNNING.
2025-06-22 19:06:28,597 INFO  org.apache.kafka.clients.NetworkClient                       [] - [AdminClient clientId=flink-eventtype-forwarder-group-enumerator-admin-client] Node -1 disconnected.
2025-06-22 19:11:28,690 INFO  org.apache.kafka.clients.NetworkClient                       [] - [AdminClient clientId=flink-eventtype-forwarder-group-enumerator-admin-client] Node 1 disconnected.
2025-06-22 19:16:28,919 INFO  org.apache.kafka.clients.NetworkClient                       [] - [AdminClient clientId=flink-eventtype-forwarder-group-enumerator-admin-client] Node 1 disconnected.
2025-06-22 19:21:29,137 INFO  org.apache.kafka.clients.NetworkClient                       [] - [AdminClient clientId=flink-eventtype-forwarder-group-enumerator-admin-client] Node 1 disconnected.
2025-06-22 19:25:52,182 INFO  org.apache.flink.runtime.entrypoint.ClusterEntrypoint        [] - RECEIVED SIGNAL 15: SIGTERM. Shutting down as requested.
2025-06-22 19:25:52,207 INFO  org.apache.flink.runtime.entrypoint.ClusterEntrypoint        [] - Shutting StandaloneSessionClusterEntrypoint down with application status UNKNOWN. Diagnostics Cluster entrypoint has been closed externally..
2025-06-22 19:25:52,209 INFO  org.apache.flink.runtime.blob.BlobServer                     [] - Stopped BLOB server at 0.0.0.0:6124
2025-06-22 19:25:52,455 INFO  akka.actor.CoordinatedShutdown                               [] - Running CoordinatedShutdown with reason [ActorSystemTerminateReason]
2025-06-22 19:25:52,456 INFO  akka.remote.RemoteActorRefProvider$RemotingTerminator        [] - Shutting down remote daemon.
2025-06-22 19:25:52,459 INFO  akka.remote.RemoteActorRefProvider$RemotingTerminator        [] - Shutting down remote daemon.
2025-06-22 19:25:52,459 INFO  akka.remote.RemoteActorRefProvider$RemotingTerminator        [] - Remote daemon shut down; proceeding with flushing remote transports.
2025-06-22 19:25:52,459 INFO  akka.remote.RemoteActorRefProvider$RemotingTerminator        [] - Remote daemon shut down; proceeding with flushing remote transports.
2025-06-22 19:25:52,495 INFO  akka.remote.RemoteActorRefProvider$RemotingTerminator        [] - Remoting shut down.
2025-06-22 19:25:52,497 INFO  akka.remote.RemoteActorRefProvider$RemotingTerminator        [] - Remoting shut down.
